{"/Users/ewlarson/Javascript/ewlarson/ogm-metadata-studio/web/src/aardvark/gbl1_to_aardvark.ts": {"path":"/Users/ewlarson/Javascript/ewlarson/ogm-metadata-studio/web/src/aardvark/gbl1_to_aardvark.ts","statementMap":{"0":{"start":{"line":5,"column":4},"end":{"line":5,"column":null}},"1":{"start":{"line":5,"column":28},"end":{"line":5,"column":null}},"2":{"start":{"line":6,"column":4},"end":{"line":6,"column":null}},"3":{"start":{"line":6,"column":13},"end":{"line":6,"column":null}},"4":{"start":{"line":7,"column":4},"end":{"line":7,"column":null}},"5":{"start":{"line":12,"column":4},"end":{"line":12,"column":null}},"6":{"start":{"line":12,"column":28},"end":{"line":12,"column":null}},"7":{"start":{"line":13,"column":4},"end":{"line":13,"column":null}},"8":{"start":{"line":17,"column":20},"end":{"line":17,"column":null}},"9":{"start":{"line":23,"column":4},"end":{"line":25,"column":null}},"10":{"start":{"line":23,"column":25},"end":{"line":23,"column":null}},"11":{"start":{"line":24,"column":9},"end":{"line":25,"column":null}},"12":{"start":{"line":24,"column":33},"end":{"line":24,"column":61}},"13":{"start":{"line":25,"column":9},"end":{"line":25,"column":null}},"14":{"start":{"line":28,"column":4},"end":{"line":28,"column":null}},"15":{"start":{"line":28,"column":23},"end":{"line":28,"column":null}},"16":{"start":{"line":32,"column":4},"end":{"line":32,"column":null}},"17":{"start":{"line":35,"column":4},"end":{"line":35,"column":null}},"18":{"start":{"line":38,"column":18},"end":{"line":38,"column":null}},"19":{"start":{"line":39,"column":4},"end":{"line":39,"column":null}},"20":{"start":{"line":39,"column":22},"end":{"line":39,"column":null}},"21":{"start":{"line":42,"column":4},"end":{"line":42,"column":null}},"22":{"start":{"line":45,"column":17},"end":{"line":45,"column":null}},"23":{"start":{"line":46,"column":4},"end":{"line":46,"column":null}},"24":{"start":{"line":46,"column":21},"end":{"line":46,"column":null}},"25":{"start":{"line":49,"column":4},"end":{"line":49,"column":null}},"26":{"start":{"line":52,"column":4},"end":{"line":52,"column":null}},"27":{"start":{"line":52,"column":28},"end":{"line":52,"column":null}},"28":{"start":{"line":55,"column":4},"end":{"line":55,"column":null}},"29":{"start":{"line":55,"column":28},"end":{"line":55,"column":null}},"30":{"start":{"line":58,"column":4},"end":{"line":58,"column":null}},"31":{"start":{"line":58,"column":25},"end":{"line":58,"column":null}},"32":{"start":{"line":61,"column":4},"end":{"line":61,"column":null}},"33":{"start":{"line":61,"column":24},"end":{"line":61,"column":null}},"34":{"start":{"line":64,"column":4},"end":{"line":64,"column":null}},"35":{"start":{"line":64,"column":27},"end":{"line":64,"column":null}},"36":{"start":{"line":67,"column":4},"end":{"line":70,"column":null}},"37":{"start":{"line":68,"column":8},"end":{"line":68,"column":null}},"38":{"start":{"line":69,"column":8},"end":{"line":69,"column":37}},"39":{"start":{"line":73,"column":4},"end":{"line":73,"column":null}},"40":{"start":{"line":73,"column":26},"end":{"line":73,"column":null}},"41":{"start":{"line":76,"column":4},"end":{"line":76,"column":null}},"42":{"start":{"line":76,"column":25},"end":{"line":76,"column":null}},"43":{"start":{"line":80,"column":4},"end":{"line":81,"column":null}},"44":{"start":{"line":80,"column":24},"end":{"line":80,"column":null}},"45":{"start":{"line":81,"column":9},"end":{"line":81,"column":null}},"46":{"start":{"line":84,"column":4},"end":{"line":84,"column":null}},"47":{"start":{"line":84,"column":29},"end":{"line":84,"column":null}},"48":{"start":{"line":88,"column":4},"end":{"line":88,"column":null}},"49":{"start":{"line":88,"column":29},"end":{"line":88,"column":null}},"50":{"start":{"line":92,"column":4},"end":{"line":99,"column":null}},"51":{"start":{"line":93,"column":21},"end":{"line":93,"column":41}},"52":{"start":{"line":94,"column":8},"end":{"line":98,"column":null}},"53":{"start":{"line":94,"column":31},"end":{"line":94,"column":null}},"54":{"start":{"line":95,"column":13},"end":{"line":98,"column":null}},"55":{"start":{"line":95,"column":96},"end":{"line":95,"column":null}},"56":{"start":{"line":96,"column":13},"end":{"line":98,"column":null}},"57":{"start":{"line":96,"column":35},"end":{"line":96,"column":null}},"58":{"start":{"line":97,"column":13},"end":{"line":98,"column":null}},"59":{"start":{"line":97,"column":65},"end":{"line":97,"column":null}},"60":{"start":{"line":98,"column":13},"end":{"line":98,"column":null}},"61":{"start":{"line":102,"column":4},"end":{"line":107,"column":null}},"62":{"start":{"line":103,"column":8},"end":{"line":106,"column":null}},"63":{"start":{"line":103,"column":40},"end":{"line":103,"column":null}},"64":{"start":{"line":104,"column":13},"end":{"line":106,"column":null}},"65":{"start":{"line":104,"column":43},"end":{"line":104,"column":null}},"66":{"start":{"line":105,"column":13},"end":{"line":106,"column":null}},"67":{"start":{"line":105,"column":52},"end":{"line":105,"column":null}},"68":{"start":{"line":106,"column":13},"end":{"line":106,"column":null}},"69":{"start":{"line":109,"column":4},"end":{"line":109,"column":null}},"70":{"start":{"line":109,"column":34},"end":{"line":109,"column":null}},"71":{"start":{"line":113,"column":4},"end":{"line":117,"column":null}},"72":{"start":{"line":114,"column":18},"end":{"line":114,"column":38}},"73":{"start":{"line":115,"column":8},"end":{"line":116,"column":null}},"74":{"start":{"line":115,"column":62},"end":{"line":115,"column":null}},"75":{"start":{"line":116,"column":13},"end":{"line":116,"column":null}},"76":{"start":{"line":116,"column":33},"end":{"line":116,"column":null}},"77":{"start":{"line":120,"column":4},"end":{"line":120,"column":null}},"78":{"start":{"line":120,"column":30},"end":{"line":120,"column":null}},"79":{"start":{"line":123,"column":4},"end":{"line":123,"column":null}},"80":{"start":{"line":123,"column":28},"end":{"line":123,"column":null}},"81":{"start":{"line":126,"column":4},"end":{"line":126,"column":null}},"82":{"start":{"line":128,"column":4},"end":{"line":128,"column":null}}},"fnMap":{"0":{"name":"ensureArray","decl":{"start":{"line":4,"column":9},"end":{"line":4,"column":21}},"loc":{"start":{"line":4,"column":29},"end":{"line":8,"column":null}},"line":4},"1":{"name":"ensureString","decl":{"start":{"line":11,"column":9},"end":{"line":11,"column":22}},"loc":{"start":{"line":11,"column":30},"end":{"line":14,"column":null}},"line":11},"2":{"name":"gbl1ToAardvark","decl":{"start":{"line":16,"column":16},"end":{"line":16,"column":31}},"loc":{"start":{"line":16,"column":38},"end":{"line":129,"column":null}},"line":16}},"branchMap":{"0":{"loc":{"start":{"line":5,"column":4},"end":{"line":5,"column":null}},"type":"if","locations":[{"start":{"line":5,"column":4},"end":{"line":5,"column":null}},{"start":{},"end":{}}],"line":5},"1":{"loc":{"start":{"line":6,"column":4},"end":{"line":6,"column":null}},"type":"if","locations":[{"start":{"line":6,"column":4},"end":{"line":6,"column":null}},{"start":{},"end":{}}],"line":6},"2":{"loc":{"start":{"line":12,"column":4},"end":{"line":12,"column":null}},"type":"if","locations":[{"start":{"line":12,"column":4},"end":{"line":12,"column":null}},{"start":{},"end":{}}],"line":12},"3":{"loc":{"start":{"line":12,"column":42},"end":{"line":12,"column":null}},"type":"binary-expr","locations":[{"start":{"line":12,"column":42},"end":{"line":12,"column":48}},{"start":{"line":12,"column":52},"end":{"line":12,"column":null}}],"line":12},"4":{"loc":{"start":{"line":13,"column":18},"end":{"line":13,"column":null}},"type":"binary-expr","locations":[{"start":{"line":13,"column":18},"end":{"line":13,"column":25}},{"start":{"line":13,"column":25},"end":{"line":13,"column":null}}],"line":13},"5":{"loc":{"start":{"line":23,"column":4},"end":{"line":25,"column":null}},"type":"if","locations":[{"start":{"line":23,"column":4},"end":{"line":25,"column":null}},{"start":{"line":24,"column":9},"end":{"line":25,"column":null}}],"line":23},"6":{"loc":{"start":{"line":24,"column":9},"end":{"line":25,"column":null}},"type":"if","locations":[{"start":{"line":24,"column":9},"end":{"line":25,"column":null}},{"start":{"line":25,"column":9},"end":{"line":25,"column":null}}],"line":24},"7":{"loc":{"start":{"line":28,"column":4},"end":{"line":28,"column":null}},"type":"if","locations":[{"start":{"line":28,"column":4},"end":{"line":28,"column":null}},{"start":{},"end":{}}],"line":28},"8":{"loc":{"start":{"line":39,"column":4},"end":{"line":39,"column":null}},"type":"if","locations":[{"start":{"line":39,"column":4},"end":{"line":39,"column":null}},{"start":{},"end":{}}],"line":39},"9":{"loc":{"start":{"line":46,"column":4},"end":{"line":46,"column":null}},"type":"if","locations":[{"start":{"line":46,"column":4},"end":{"line":46,"column":null}},{"start":{},"end":{}}],"line":46},"10":{"loc":{"start":{"line":52,"column":4},"end":{"line":52,"column":null}},"type":"if","locations":[{"start":{"line":52,"column":4},"end":{"line":52,"column":null}},{"start":{},"end":{}}],"line":52},"11":{"loc":{"start":{"line":55,"column":4},"end":{"line":55,"column":null}},"type":"if","locations":[{"start":{"line":55,"column":4},"end":{"line":55,"column":null}},{"start":{},"end":{}}],"line":55},"12":{"loc":{"start":{"line":58,"column":4},"end":{"line":58,"column":null}},"type":"if","locations":[{"start":{"line":58,"column":4},"end":{"line":58,"column":null}},{"start":{},"end":{}}],"line":58},"13":{"loc":{"start":{"line":61,"column":4},"end":{"line":61,"column":null}},"type":"if","locations":[{"start":{"line":61,"column":4},"end":{"line":61,"column":null}},{"start":{},"end":{}}],"line":61},"14":{"loc":{"start":{"line":64,"column":4},"end":{"line":64,"column":null}},"type":"if","locations":[{"start":{"line":64,"column":4},"end":{"line":64,"column":null}},{"start":{},"end":{}}],"line":64},"15":{"loc":{"start":{"line":67,"column":4},"end":{"line":70,"column":null}},"type":"if","locations":[{"start":{"line":67,"column":4},"end":{"line":70,"column":null}},{"start":{},"end":{}}],"line":67},"16":{"loc":{"start":{"line":73,"column":4},"end":{"line":73,"column":null}},"type":"if","locations":[{"start":{"line":73,"column":4},"end":{"line":73,"column":null}},{"start":{},"end":{}}],"line":73},"17":{"loc":{"start":{"line":76,"column":4},"end":{"line":76,"column":null}},"type":"if","locations":[{"start":{"line":76,"column":4},"end":{"line":76,"column":null}},{"start":{},"end":{}}],"line":76},"18":{"loc":{"start":{"line":80,"column":4},"end":{"line":81,"column":null}},"type":"if","locations":[{"start":{"line":80,"column":4},"end":{"line":81,"column":null}},{"start":{"line":81,"column":9},"end":{"line":81,"column":null}}],"line":80},"19":{"loc":{"start":{"line":84,"column":4},"end":{"line":84,"column":null}},"type":"if","locations":[{"start":{"line":84,"column":4},"end":{"line":84,"column":null}},{"start":{},"end":{}}],"line":84},"20":{"loc":{"start":{"line":88,"column":4},"end":{"line":88,"column":null}},"type":"if","locations":[{"start":{"line":88,"column":4},"end":{"line":88,"column":null}},{"start":{},"end":{}}],"line":88},"21":{"loc":{"start":{"line":92,"column":4},"end":{"line":99,"column":null}},"type":"if","locations":[{"start":{"line":92,"column":4},"end":{"line":99,"column":null}},{"start":{},"end":{}}],"line":92},"22":{"loc":{"start":{"line":94,"column":8},"end":{"line":98,"column":null}},"type":"if","locations":[{"start":{"line":94,"column":8},"end":{"line":98,"column":null}},{"start":{"line":95,"column":13},"end":{"line":98,"column":null}}],"line":94},"23":{"loc":{"start":{"line":95,"column":13},"end":{"line":98,"column":null}},"type":"if","locations":[{"start":{"line":95,"column":13},"end":{"line":98,"column":null}},{"start":{"line":96,"column":13},"end":{"line":98,"column":null}}],"line":95},"24":{"loc":{"start":{"line":95,"column":17},"end":{"line":95,"column":96}},"type":"binary-expr","locations":[{"start":{"line":95,"column":17},"end":{"line":95,"column":39}},{"start":{"line":95,"column":39},"end":{"line":95,"column":58}},{"start":{"line":95,"column":58},"end":{"line":95,"column":78}},{"start":{"line":95,"column":78},"end":{"line":95,"column":96}}],"line":95},"25":{"loc":{"start":{"line":96,"column":13},"end":{"line":98,"column":null}},"type":"if","locations":[{"start":{"line":96,"column":13},"end":{"line":98,"column":null}},{"start":{"line":97,"column":13},"end":{"line":98,"column":null}}],"line":96},"26":{"loc":{"start":{"line":97,"column":13},"end":{"line":98,"column":null}},"type":"if","locations":[{"start":{"line":97,"column":13},"end":{"line":98,"column":null}},{"start":{"line":98,"column":13},"end":{"line":98,"column":null}}],"line":97},"27":{"loc":{"start":{"line":97,"column":17},"end":{"line":97,"column":65}},"type":"binary-expr","locations":[{"start":{"line":97,"column":17},"end":{"line":97,"column":41}},{"start":{"line":97,"column":41},"end":{"line":97,"column":65}}],"line":97},"28":{"loc":{"start":{"line":102,"column":4},"end":{"line":107,"column":null}},"type":"if","locations":[{"start":{"line":102,"column":4},"end":{"line":107,"column":null}},{"start":{},"end":{}}],"line":102},"29":{"loc":{"start":{"line":102,"column":8},"end":{"line":102,"column":48}},"type":"binary-expr","locations":[{"start":{"line":102,"column":8},"end":{"line":102,"column":32}},{"start":{"line":102,"column":36},"end":{"line":102,"column":48}}],"line":102},"30":{"loc":{"start":{"line":103,"column":8},"end":{"line":106,"column":null}},"type":"if","locations":[{"start":{"line":103,"column":8},"end":{"line":106,"column":null}},{"start":{"line":104,"column":13},"end":{"line":106,"column":null}}],"line":103},"31":{"loc":{"start":{"line":104,"column":13},"end":{"line":106,"column":null}},"type":"if","locations":[{"start":{"line":104,"column":13},"end":{"line":106,"column":null}},{"start":{"line":105,"column":13},"end":{"line":106,"column":null}}],"line":104},"32":{"loc":{"start":{"line":105,"column":13},"end":{"line":106,"column":null}},"type":"if","locations":[{"start":{"line":105,"column":13},"end":{"line":106,"column":null}},{"start":{"line":106,"column":13},"end":{"line":106,"column":null}}],"line":105},"33":{"loc":{"start":{"line":109,"column":4},"end":{"line":109,"column":null}},"type":"if","locations":[{"start":{"line":109,"column":4},"end":{"line":109,"column":null}},{"start":{},"end":{}}],"line":109},"34":{"loc":{"start":{"line":113,"column":4},"end":{"line":117,"column":null}},"type":"if","locations":[{"start":{"line":113,"column":4},"end":{"line":117,"column":null}},{"start":{},"end":{}}],"line":113},"35":{"loc":{"start":{"line":115,"column":8},"end":{"line":116,"column":null}},"type":"if","locations":[{"start":{"line":115,"column":8},"end":{"line":116,"column":null}},{"start":{"line":116,"column":13},"end":{"line":116,"column":null}}],"line":115},"36":{"loc":{"start":{"line":115,"column":12},"end":{"line":115,"column":62}},"type":"binary-expr","locations":[{"start":{"line":115,"column":12},"end":{"line":115,"column":31}},{"start":{"line":115,"column":31},"end":{"line":115,"column":47}},{"start":{"line":115,"column":47},"end":{"line":115,"column":62}}],"line":115},"37":{"loc":{"start":{"line":116,"column":13},"end":{"line":116,"column":null}},"type":"if","locations":[{"start":{"line":116,"column":13},"end":{"line":116,"column":null}},{"start":{},"end":{}}],"line":116},"38":{"loc":{"start":{"line":120,"column":4},"end":{"line":120,"column":null}},"type":"if","locations":[{"start":{"line":120,"column":4},"end":{"line":120,"column":null}},{"start":{},"end":{}}],"line":120},"39":{"loc":{"start":{"line":123,"column":4},"end":{"line":123,"column":null}},"type":"if","locations":[{"start":{"line":123,"column":4},"end":{"line":123,"column":null}},{"start":{},"end":{}}],"line":123}},"s":{"0":0,"1":0,"2":0,"3":0,"4":0,"5":0,"6":0,"7":0,"8":0,"9":0,"10":0,"11":0,"12":0,"13":0,"14":0,"15":0,"16":0,"17":0,"18":0,"19":0,"20":0,"21":0,"22":0,"23":0,"24":0,"25":0,"26":0,"27":0,"28":0,"29":0,"30":0,"31":0,"32":0,"33":0,"34":0,"35":0,"36":0,"37":0,"38":0,"39":0,"40":0,"41":0,"42":0,"43":0,"44":0,"45":0,"46":0,"47":0,"48":0,"49":0,"50":0,"51":0,"52":0,"53":0,"54":0,"55":0,"56":0,"57":0,"58":0,"59":0,"60":0,"61":0,"62":0,"63":0,"64":0,"65":0,"66":0,"67":0,"68":0,"69":0,"70":0,"71":0,"72":0,"73":0,"74":0,"75":0,"76":0,"77":0,"78":0,"79":0,"80":0,"81":0,"82":0},"f":{"0":0,"1":0,"2":0},"b":{"0":[0,0],"1":[0,0],"2":[0,0],"3":[0,0],"4":[0,0],"5":[0,0],"6":[0,0],"7":[0,0],"8":[0,0],"9":[0,0],"10":[0,0],"11":[0,0],"12":[0,0],"13":[0,0],"14":[0,0],"15":[0,0],"16":[0,0],"17":[0,0],"18":[0,0],"19":[0,0],"20":[0,0],"21":[0,0],"22":[0,0],"23":[0,0],"24":[0,0,0,0],"25":[0,0],"26":[0,0],"27":[0,0],"28":[0,0],"29":[0,0],"30":[0,0],"31":[0,0],"32":[0,0],"33":[0,0],"34":[0,0],"35":[0,0],"36":[0,0,0],"37":[0,0],"38":[0,0],"39":[0,0]},"meta":{"lastBranch":40,"lastFunction":3,"lastStatement":83,"seen":{"f:4:9:4:21":0,"b:5:4:5:Infinity:undefined:undefined:undefined:undefined":0,"s:5:4:5:Infinity":0,"s:5:28:5:Infinity":1,"b:6:4:6:Infinity:undefined:undefined:undefined:undefined":1,"s:6:4:6:Infinity":2,"s:6:13:6:Infinity":3,"s:7:4:7:Infinity":4,"f:11:9:11:22":1,"b:12:4:12:Infinity:undefined:undefined:undefined:undefined":2,"s:12:4:12:Infinity":5,"s:12:28:12:Infinity":6,"b:12:42:12:48:12:52:12:Infinity":3,"s:13:4:13:Infinity":7,"b:13:18:13:25:13:25:13:Infinity":4,"f:16:16:16:31":2,"s:17:20:17:Infinity":8,"b:23:4:25:Infinity:24:9:25:Infinity":5,"s:23:4:25:Infinity":9,"s:23:25:23:Infinity":10,"b:24:9:25:Infinity:25:9:25:Infinity":6,"s:24:9:25:Infinity":11,"s:24:33:24:61":12,"s:25:9:25:Infinity":13,"b:28:4:28:Infinity:undefined:undefined:undefined:undefined":7,"s:28:4:28:Infinity":14,"s:28:23:28:Infinity":15,"s:32:4:32:Infinity":16,"s:35:4:35:Infinity":17,"s:38:18:38:Infinity":18,"b:39:4:39:Infinity:undefined:undefined:undefined:undefined":8,"s:39:4:39:Infinity":19,"s:39:22:39:Infinity":20,"s:42:4:42:Infinity":21,"s:45:17:45:Infinity":22,"b:46:4:46:Infinity:undefined:undefined:undefined:undefined":9,"s:46:4:46:Infinity":23,"s:46:21:46:Infinity":24,"s:49:4:49:Infinity":25,"b:52:4:52:Infinity:undefined:undefined:undefined:undefined":10,"s:52:4:52:Infinity":26,"s:52:28:52:Infinity":27,"b:55:4:55:Infinity:undefined:undefined:undefined:undefined":11,"s:55:4:55:Infinity":28,"s:55:28:55:Infinity":29,"b:58:4:58:Infinity:undefined:undefined:undefined:undefined":12,"s:58:4:58:Infinity":30,"s:58:25:58:Infinity":31,"b:61:4:61:Infinity:undefined:undefined:undefined:undefined":13,"s:61:4:61:Infinity":32,"s:61:24:61:Infinity":33,"b:64:4:64:Infinity:undefined:undefined:undefined:undefined":14,"s:64:4:64:Infinity":34,"s:64:27:64:Infinity":35,"b:67:4:70:Infinity:undefined:undefined:undefined:undefined":15,"s:67:4:70:Infinity":36,"s:68:8:68:Infinity":37,"s:69:8:69:37":38,"b:73:4:73:Infinity:undefined:undefined:undefined:undefined":16,"s:73:4:73:Infinity":39,"s:73:26:73:Infinity":40,"b:76:4:76:Infinity:undefined:undefined:undefined:undefined":17,"s:76:4:76:Infinity":41,"s:76:25:76:Infinity":42,"b:80:4:81:Infinity:81:9:81:Infinity":18,"s:80:4:81:Infinity":43,"s:80:24:80:Infinity":44,"s:81:9:81:Infinity":45,"b:84:4:84:Infinity:undefined:undefined:undefined:undefined":19,"s:84:4:84:Infinity":46,"s:84:29:84:Infinity":47,"b:88:4:88:Infinity:undefined:undefined:undefined:undefined":20,"s:88:4:88:Infinity":48,"s:88:29:88:Infinity":49,"b:92:4:99:Infinity:undefined:undefined:undefined:undefined":21,"s:92:4:99:Infinity":50,"s:93:21:93:41":51,"b:94:8:98:Infinity:95:13:98:Infinity":22,"s:94:8:98:Infinity":52,"s:94:31:94:Infinity":53,"b:95:13:98:Infinity:96:13:98:Infinity":23,"s:95:13:98:Infinity":54,"b:95:17:95:39:95:39:95:58:95:58:95:78:95:78:95:96":24,"s:95:96:95:Infinity":55,"b:96:13:98:Infinity:97:13:98:Infinity":25,"s:96:13:98:Infinity":56,"s:96:35:96:Infinity":57,"b:97:13:98:Infinity:98:13:98:Infinity":26,"s:97:13:98:Infinity":58,"b:97:17:97:41:97:41:97:65":27,"s:97:65:97:Infinity":59,"s:98:13:98:Infinity":60,"b:102:4:107:Infinity:undefined:undefined:undefined:undefined":28,"s:102:4:107:Infinity":61,"b:102:8:102:32:102:36:102:48":29,"b:103:8:106:Infinity:104:13:106:Infinity":30,"s:103:8:106:Infinity":62,"s:103:40:103:Infinity":63,"b:104:13:106:Infinity:105:13:106:Infinity":31,"s:104:13:106:Infinity":64,"s:104:43:104:Infinity":65,"b:105:13:106:Infinity:106:13:106:Infinity":32,"s:105:13:106:Infinity":66,"s:105:52:105:Infinity":67,"s:106:13:106:Infinity":68,"b:109:4:109:Infinity:undefined:undefined:undefined:undefined":33,"s:109:4:109:Infinity":69,"s:109:34:109:Infinity":70,"b:113:4:117:Infinity:undefined:undefined:undefined:undefined":34,"s:113:4:117:Infinity":71,"s:114:18:114:38":72,"b:115:8:116:Infinity:116:13:116:Infinity":35,"s:115:8:116:Infinity":73,"b:115:12:115:31:115:31:115:47:115:47:115:62":36,"s:115:62:115:Infinity":74,"b:116:13:116:Infinity:undefined:undefined:undefined:undefined":37,"s:116:13:116:Infinity":75,"s:116:33:116:Infinity":76,"b:120:4:120:Infinity:undefined:undefined:undefined:undefined":38,"s:120:4:120:Infinity":77,"s:120:30:120:Infinity":78,"b:123:4:123:Infinity:undefined:undefined:undefined:undefined":39,"s:123:4:123:Infinity":79,"s:123:28:123:Infinity":80,"s:126:4:126:Infinity":81,"s:128:4:128:Infinity":82}}}
,"/Users/ewlarson/Javascript/ewlarson/ogm-metadata-studio/web/src/aardvark/mapping.ts": {"path":"/Users/ewlarson/Javascript/ewlarson/ogm-metadata-studio/web/src/aardvark/mapping.ts","statementMap":{"0":{"start":{"line":12,"column":18},"end":{"line":13,"column":null}},"1":{"start":{"line":13,"column":30},"end":{"line":13,"column":40}},"2":{"start":{"line":13,"column":54},"end":{"line":13,"column":null}},"3":{"start":{"line":15,"column":2},"end":{"line":15,"column":null}},"4":{"start":{"line":16,"column":2},"end":{"line":16,"column":null}},"5":{"start":{"line":20,"column":2},"end":{"line":20,"column":null}},"6":{"start":{"line":20,"column":14},"end":{"line":20,"column":null}},"7":{"start":{"line":21,"column":2},"end":{"line":21,"column":null}},"8":{"start":{"line":21,"column":28},"end":{"line":21,"column":null}},"9":{"start":{"line":22,"column":2},"end":{"line":25,"column":null}},"10":{"start":{"line":24,"column":16},"end":{"line":24,"column":null}},"11":{"start":{"line":25,"column":19},"end":{"line":25,"column":null}},"12":{"start":{"line":30,"column":8},"end":{"line":30,"column":null}},"13":{"start":{"line":31,"column":38},"end":{"line":31,"column":null}},"14":{"start":{"line":33,"column":2},"end":{"line":42,"column":null}},"15":{"start":{"line":34,"column":4},"end":{"line":34,"column":null}},"16":{"start":{"line":34,"column":38},"end":{"line":34,"column":null}},"17":{"start":{"line":35,"column":18},"end":{"line":35,"column":29}},"18":{"start":{"line":36,"column":4},"end":{"line":36,"column":null}},"19":{"start":{"line":36,"column":47},"end":{"line":36,"column":null}},"20":{"start":{"line":37,"column":4},"end":{"line":41,"column":null}},"21":{"start":{"line":38,"column":6},"end":{"line":38,"column":null}},"22":{"start":{"line":40,"column":6},"end":{"line":40,"column":null}},"23":{"start":{"line":44,"column":2},"end":{"line":49,"column":null}},"24":{"start":{"line":45,"column":18},"end":{"line":45,"column":29}},"25":{"start":{"line":46,"column":4},"end":{"line":48,"column":null}},"26":{"start":{"line":47,"column":6},"end":{"line":47,"column":null}},"27":{"start":{"line":51,"column":2},"end":{"line":51,"column":null}},"28":{"start":{"line":51,"column":18},"end":{"line":51,"column":null}},"29":{"start":{"line":52,"column":2},"end":{"line":52,"column":null}},"30":{"start":{"line":52,"column":27},"end":{"line":52,"column":null}},"31":{"start":{"line":53,"column":2},"end":{"line":55,"column":null}},"32":{"start":{"line":54,"column":4},"end":{"line":54,"column":null}},"33":{"start":{"line":57,"column":2},"end":{"line":57,"column":null}},"34":{"start":{"line":62,"column":8},"end":{"line":62,"column":null}},"35":{"start":{"line":63,"column":35},"end":{"line":63,"column":null}},"36":{"start":{"line":65,"column":2},"end":{"line":74,"column":null}},"37":{"start":{"line":66,"column":4},"end":{"line":66,"column":null}},"38":{"start":{"line":66,"column":38},"end":{"line":66,"column":null}},"39":{"start":{"line":67,"column":18},"end":{"line":67,"column":29}},"40":{"start":{"line":68,"column":4},"end":{"line":68,"column":null}},"41":{"start":{"line":68,"column":47},"end":{"line":68,"column":null}},"42":{"start":{"line":69,"column":4},"end":{"line":73,"column":null}},"43":{"start":{"line":70,"column":6},"end":{"line":70,"column":null}},"44":{"start":{"line":72,"column":6},"end":{"line":72,"column":null}},"45":{"start":{"line":76,"column":2},"end":{"line":84,"column":null}},"46":{"start":{"line":77,"column":18},"end":{"line":77,"column":29}},"47":{"start":{"line":79,"column":4},"end":{"line":83,"column":null}},"48":{"start":{"line":80,"column":6},"end":{"line":80,"column":null}},"49":{"start":{"line":82,"column":6},"end":{"line":82,"column":null}},"50":{"start":{"line":86,"column":2},"end":{"line":86,"column":null}},"51":{"start":{"line":86,"column":18},"end":{"line":86,"column":null}},"52":{"start":{"line":87,"column":2},"end":{"line":87,"column":null}},"53":{"start":{"line":87,"column":27},"end":{"line":87,"column":null}},"54":{"start":{"line":88,"column":2},"end":{"line":90,"column":null}},"55":{"start":{"line":89,"column":4},"end":{"line":89,"column":null}},"56":{"start":{"line":92,"column":2},"end":{"line":92,"column":null}},"57":{"start":{"line":100,"column":29},"end":{"line":100,"column":null}},"58":{"start":{"line":102,"column":2},"end":{"line":112,"column":null}},"59":{"start":{"line":103,"column":4},"end":{"line":103,"column":null}},"60":{"start":{"line":103,"column":38},"end":{"line":103,"column":null}},"61":{"start":{"line":104,"column":18},"end":{"line":104,"column":28}},"62":{"start":{"line":105,"column":4},"end":{"line":105,"column":null}},"63":{"start":{"line":105,"column":45},"end":{"line":105,"column":null}},"64":{"start":{"line":106,"column":4},"end":{"line":111,"column":null}},"65":{"start":{"line":107,"column":16},"end":{"line":107,"column":null}},"66":{"start":{"line":108,"column":6},"end":{"line":108,"column":null}},"67":{"start":{"line":110,"column":6},"end":{"line":110,"column":null}},"68":{"start":{"line":114,"column":2},"end":{"line":116,"column":null}},"69":{"start":{"line":115,"column":4},"end":{"line":115,"column":null}},"70":{"start":{"line":118,"column":2},"end":{"line":147,"column":null}},"71":{"start":{"line":120,"column":38},"end":{"line":120,"column":null}},"72":{"start":{"line":121,"column":20},"end":{"line":121,"column":null}},"73":{"start":{"line":124,"column":4},"end":{"line":128,"column":null}},"74":{"start":{"line":125,"column":6},"end":{"line":125,"column":null}},"75":{"start":{"line":125,"column":37},"end":{"line":125,"column":null}},"76":{"start":{"line":126,"column":6},"end":{"line":126,"column":null}},"77":{"start":{"line":126,"column":40},"end":{"line":126,"column":null}},"78":{"start":{"line":127,"column":6},"end":{"line":127,"column":null}},"79":{"start":{"line":131,"column":4},"end":{"line":144,"column":null}},"80":{"start":{"line":132,"column":24},"end":{"line":132,"column":null}},"81":{"start":{"line":132,"column":60},"end":{"line":132,"column":69}},"82":{"start":{"line":134,"column":6},"end":{"line":143,"column":null}},"83":{"start":{"line":136,"column":8},"end":{"line":139,"column":null}},"84":{"start":{"line":136,"column":36},"end":{"line":139,"column":null}},"85":{"start":{"line":142,"column":8},"end":{"line":142,"column":null}},"86":{"start":{"line":146,"column":4},"end":{"line":146,"column":null}},"87":{"start":{"line":149,"column":2},"end":{"line":151,"column":null}},"88":{"start":{"line":150,"column":4},"end":{"line":150,"column":null}},"89":{"start":{"line":153,"column":2},"end":{"line":155,"column":null}},"90":{"start":{"line":154,"column":4},"end":{"line":154,"column":null}},"91":{"start":{"line":157,"column":2},"end":{"line":157,"column":null}},"92":{"start":{"line":164,"column":18},"end":{"line":164,"column":42}},"93":{"start":{"line":165,"column":2},"end":{"line":165,"column":null}},"94":{"start":{"line":165,"column":54},"end":{"line":165,"column":null}},"95":{"start":{"line":168,"column":2},"end":{"line":172,"column":null}},"96":{"start":{"line":169,"column":4},"end":{"line":169,"column":null}},"97":{"start":{"line":171,"column":4},"end":{"line":171,"column":null}},"98":{"start":{"line":173,"column":2},"end":{"line":173,"column":null}},"99":{"start":{"line":173,"column":47},"end":{"line":173,"column":null}},"100":{"start":{"line":175,"column":21},"end":{"line":175,"column":null}},"101":{"start":{"line":176,"column":40},"end":{"line":176,"column":42}},"102":{"start":{"line":177,"column":2},"end":{"line":184,"column":null}},"103":{"start":{"line":178,"column":4},"end":{"line":178,"column":null}},"104":{"start":{"line":178,"column":14},"end":{"line":178,"column":null}},"105":{"start":{"line":179,"column":4},"end":{"line":183,"column":null}},"106":{"start":{"line":185,"column":2},"end":{"line":185,"column":null}},"107":{"start":{"line":192,"column":36},"end":{"line":192,"column":null}},"108":{"start":{"line":193,"column":18},"end":{"line":193,"column":null}},"109":{"start":{"line":195,"column":2},"end":{"line":199,"column":null}},"110":{"start":{"line":196,"column":4},"end":{"line":196,"column":null}},"111":{"start":{"line":196,"column":35},"end":{"line":196,"column":null}},"112":{"start":{"line":197,"column":4},"end":{"line":197,"column":null}},"113":{"start":{"line":197,"column":38},"end":{"line":197,"column":null}},"114":{"start":{"line":198,"column":4},"end":{"line":198,"column":null}},"115":{"start":{"line":201,"column":2},"end":{"line":208,"column":null}},"116":{"start":{"line":202,"column":22},"end":{"line":202,"column":null}},"117":{"start":{"line":202,"column":58},"end":{"line":202,"column":67}},"118":{"start":{"line":203,"column":4},"end":{"line":207,"column":null}},"119":{"start":{"line":204,"column":6},"end":{"line":204,"column":null}},"120":{"start":{"line":204,"column":34},"end":{"line":204,"column":null}},"121":{"start":{"line":206,"column":6},"end":{"line":206,"column":null}},"122":{"start":{"line":210,"column":2},"end":{"line":210,"column":null}},"123":{"start":{"line":210,"column":38},"end":{"line":210,"column":null}},"124":{"start":{"line":211,"column":2},"end":{"line":211,"column":null}}},"fnMap":{"0":{"name":"pipeJoin","decl":{"start":{"line":11,"column":9},"end":{"line":11,"column":18}},"loc":{"start":{"line":11,"column":34},"end":{"line":17,"column":null}},"line":11},"1":{"name":"(anonymous_1)","decl":{"start":{"line":13,"column":23},"end":{"line":13,"column":24}},"loc":{"start":{"line":13,"column":30},"end":{"line":13,"column":40}},"line":13},"2":{"name":"(anonymous_2)","decl":{"start":{"line":13,"column":47},"end":{"line":13,"column":48}},"loc":{"start":{"line":13,"column":54},"end":{"line":13,"column":null}},"line":13},"3":{"name":"pipeSplit","decl":{"start":{"line":19,"column":9},"end":{"line":19,"column":19}},"loc":{"start":{"line":19,"column":57},"end":{"line":26,"column":null}},"line":19},"4":{"name":"(anonymous_4)","decl":{"start":{"line":24,"column":9},"end":{"line":24,"column":10}},"loc":{"start":{"line":24,"column":16},"end":{"line":24,"column":null}},"line":24},"5":{"name":"(anonymous_5)","decl":{"start":{"line":25,"column":12},"end":{"line":25,"column":13}},"loc":{"start":{"line":25,"column":19},"end":{"line":25,"column":null}},"line":25},"6":{"name":"flattenResource","decl":{"start":{"line":29,"column":16},"end":{"line":29,"column":32}},"loc":{"start":{"line":29,"column":50},"end":{"line":58,"column":null}},"line":29},"7":{"name":"flattenResourceForDuckDb","decl":{"start":{"line":61,"column":16},"end":{"line":61,"column":41}},"loc":{"start":{"line":61,"column":59},"end":{"line":93,"column":null}},"line":61},"8":{"name":"resourceFromRow","decl":{"start":{"line":96,"column":16},"end":{"line":96,"column":null}},"loc":{"start":{"line":98,"column":42},"end":{"line":158,"column":null}},"line":98},"9":{"name":"(anonymous_9)","decl":{"start":{"line":132,"column":55},"end":{"line":132,"column":60}},"loc":{"start":{"line":132,"column":60},"end":{"line":132,"column":69}},"line":132},"10":{"name":"(anonymous_10)","decl":{"start":{"line":136,"column":30},"end":{"line":136,"column":36}},"loc":{"start":{"line":136,"column":36},"end":{"line":139,"column":null}},"line":136},"11":{"name":"extractDistributionsFromJson","decl":{"start":{"line":161,"column":16},"end":{"line":161,"column":null}},"loc":{"start":{"line":162,"column":20},"end":{"line":186,"column":null}},"line":162},"12":{"name":"buildDctReferencesS","decl":{"start":{"line":189,"column":16},"end":{"line":189,"column":null}},"loc":{"start":{"line":190,"column":31},"end":{"line":212,"column":null}},"line":190},"13":{"name":"(anonymous_13)","decl":{"start":{"line":202,"column":53},"end":{"line":202,"column":58}},"loc":{"start":{"line":202,"column":58},"end":{"line":202,"column":67}},"line":202},"14":{"name":"(anonymous_14)","decl":{"start":{"line":204,"column":28},"end":{"line":204,"column":34}},"loc":{"start":{"line":204,"column":34},"end":{"line":204,"column":null}},"line":204}},"branchMap":{"0":{"loc":{"start":{"line":20,"column":2},"end":{"line":20,"column":null}},"type":"if","locations":[{"start":{"line":20,"column":2},"end":{"line":20,"column":null}},{"start":{},"end":{}}],"line":20},"1":{"loc":{"start":{"line":21,"column":2},"end":{"line":21,"column":null}},"type":"if","locations":[{"start":{"line":21,"column":2},"end":{"line":21,"column":null}},{"start":{},"end":{}}],"line":21},"2":{"loc":{"start":{"line":34,"column":4},"end":{"line":34,"column":null}},"type":"if","locations":[{"start":{"line":34,"column":4},"end":{"line":34,"column":null}},{"start":{},"end":{}}],"line":34},"3":{"loc":{"start":{"line":36,"column":4},"end":{"line":36,"column":null}},"type":"if","locations":[{"start":{"line":36,"column":4},"end":{"line":36,"column":null}},{"start":{},"end":{}}],"line":36},"4":{"loc":{"start":{"line":36,"column":8},"end":{"line":36,"column":47}},"type":"binary-expr","locations":[{"start":{"line":36,"column":8},"end":{"line":36,"column":31}},{"start":{"line":36,"column":31},"end":{"line":36,"column":47}}],"line":36},"5":{"loc":{"start":{"line":37,"column":4},"end":{"line":41,"column":null}},"type":"if","locations":[{"start":{"line":37,"column":4},"end":{"line":41,"column":null}},{"start":{"line":39,"column":11},"end":{"line":41,"column":null}}],"line":37},"6":{"loc":{"start":{"line":38,"column":19},"end":{"line":38,"column":null}},"type":"cond-expr","locations":[{"start":{"line":38,"column":27},"end":{"line":38,"column":36}},{"start":{"line":38,"column":36},"end":{"line":38,"column":null}}],"line":38},"7":{"loc":{"start":{"line":46,"column":4},"end":{"line":48,"column":null}},"type":"if","locations":[{"start":{"line":46,"column":4},"end":{"line":48,"column":null}},{"start":{},"end":{}}],"line":46},"8":{"loc":{"start":{"line":51,"column":2},"end":{"line":51,"column":null}},"type":"if","locations":[{"start":{"line":51,"column":2},"end":{"line":51,"column":null}},{"start":{},"end":{}}],"line":51},"9":{"loc":{"start":{"line":51,"column":37},"end":{"line":51,"column":null}},"type":"binary-expr","locations":[{"start":{"line":51,"column":37},"end":{"line":51,"column":47}},{"start":{"line":51,"column":51},"end":{"line":51,"column":null}}],"line":51},"10":{"loc":{"start":{"line":52,"column":2},"end":{"line":52,"column":null}},"type":"if","locations":[{"start":{"line":52,"column":2},"end":{"line":52,"column":null}},{"start":{},"end":{}}],"line":52},"11":{"loc":{"start":{"line":52,"column":55},"end":{"line":52,"column":null}},"type":"binary-expr","locations":[{"start":{"line":52,"column":55},"end":{"line":52,"column":74}},{"start":{"line":52,"column":78},"end":{"line":52,"column":null}}],"line":52},"12":{"loc":{"start":{"line":53,"column":2},"end":{"line":55,"column":null}},"type":"if","locations":[{"start":{"line":53,"column":2},"end":{"line":55,"column":null}},{"start":{},"end":{}}],"line":53},"13":{"loc":{"start":{"line":54,"column":39},"end":{"line":54,"column":null}},"type":"binary-expr","locations":[{"start":{"line":54,"column":39},"end":{"line":54,"column":65}},{"start":{"line":54,"column":69},"end":{"line":54,"column":null}}],"line":54},"14":{"loc":{"start":{"line":66,"column":4},"end":{"line":66,"column":null}},"type":"if","locations":[{"start":{"line":66,"column":4},"end":{"line":66,"column":null}},{"start":{},"end":{}}],"line":66},"15":{"loc":{"start":{"line":68,"column":4},"end":{"line":68,"column":null}},"type":"if","locations":[{"start":{"line":68,"column":4},"end":{"line":68,"column":null}},{"start":{},"end":{}}],"line":68},"16":{"loc":{"start":{"line":68,"column":8},"end":{"line":68,"column":47}},"type":"binary-expr","locations":[{"start":{"line":68,"column":8},"end":{"line":68,"column":31}},{"start":{"line":68,"column":31},"end":{"line":68,"column":47}}],"line":68},"17":{"loc":{"start":{"line":69,"column":4},"end":{"line":73,"column":null}},"type":"if","locations":[{"start":{"line":69,"column":4},"end":{"line":73,"column":null}},{"start":{"line":71,"column":11},"end":{"line":73,"column":null}}],"line":69},"18":{"loc":{"start":{"line":70,"column":19},"end":{"line":70,"column":null}},"type":"cond-expr","locations":[{"start":{"line":70,"column":27},"end":{"line":70,"column":36}},{"start":{"line":70,"column":36},"end":{"line":70,"column":null}}],"line":70},"19":{"loc":{"start":{"line":79,"column":4},"end":{"line":83,"column":null}},"type":"if","locations":[{"start":{"line":79,"column":4},"end":{"line":83,"column":null}},{"start":{"line":81,"column":11},"end":{"line":83,"column":null}}],"line":79},"20":{"loc":{"start":{"line":86,"column":2},"end":{"line":86,"column":null}},"type":"if","locations":[{"start":{"line":86,"column":2},"end":{"line":86,"column":null}},{"start":{},"end":{}}],"line":86},"21":{"loc":{"start":{"line":86,"column":37},"end":{"line":86,"column":null}},"type":"binary-expr","locations":[{"start":{"line":86,"column":37},"end":{"line":86,"column":47}},{"start":{"line":86,"column":51},"end":{"line":86,"column":null}}],"line":86},"22":{"loc":{"start":{"line":87,"column":2},"end":{"line":87,"column":null}},"type":"if","locations":[{"start":{"line":87,"column":2},"end":{"line":87,"column":null}},{"start":{},"end":{}}],"line":87},"23":{"loc":{"start":{"line":87,"column":55},"end":{"line":87,"column":null}},"type":"binary-expr","locations":[{"start":{"line":87,"column":55},"end":{"line":87,"column":74}},{"start":{"line":87,"column":78},"end":{"line":87,"column":null}}],"line":87},"24":{"loc":{"start":{"line":88,"column":2},"end":{"line":90,"column":null}},"type":"if","locations":[{"start":{"line":88,"column":2},"end":{"line":90,"column":null}},{"start":{},"end":{}}],"line":88},"25":{"loc":{"start":{"line":89,"column":39},"end":{"line":89,"column":null}},"type":"binary-expr","locations":[{"start":{"line":89,"column":39},"end":{"line":89,"column":65}},{"start":{"line":89,"column":69},"end":{"line":89,"column":null}}],"line":89},"26":{"loc":{"start":{"line":103,"column":4},"end":{"line":103,"column":null}},"type":"if","locations":[{"start":{"line":103,"column":4},"end":{"line":103,"column":null}},{"start":{},"end":{}}],"line":103},"27":{"loc":{"start":{"line":105,"column":4},"end":{"line":105,"column":null}},"type":"if","locations":[{"start":{"line":105,"column":4},"end":{"line":105,"column":null}},{"start":{},"end":{}}],"line":105},"28":{"loc":{"start":{"line":105,"column":8},"end":{"line":105,"column":45}},"type":"binary-expr","locations":[{"start":{"line":105,"column":8},"end":{"line":105,"column":31}},{"start":{"line":105,"column":31},"end":{"line":105,"column":45}}],"line":105},"29":{"loc":{"start":{"line":106,"column":4},"end":{"line":111,"column":null}},"type":"if","locations":[{"start":{"line":106,"column":4},"end":{"line":111,"column":null}},{"start":{"line":109,"column":11},"end":{"line":111,"column":null}}],"line":106},"30":{"loc":{"start":{"line":106,"column":8},"end":{"line":106,"column":73}},"type":"binary-expr","locations":[{"start":{"line":106,"column":8},"end":{"line":106,"column":40}},{"start":{"line":106,"column":40},"end":{"line":106,"column":73}}],"line":106},"31":{"loc":{"start":{"line":108,"column":20},"end":{"line":108,"column":null}},"type":"binary-expr","locations":[{"start":{"line":108,"column":20},"end":{"line":108,"column":33}},{"start":{"line":108,"column":33},"end":{"line":108,"column":49}},{"start":{"line":108,"column":49},"end":{"line":108,"column":64}},{"start":{"line":108,"column":64},"end":{"line":108,"column":null}}],"line":108},"32":{"loc":{"start":{"line":118,"column":2},"end":{"line":147,"column":null}},"type":"if","locations":[{"start":{"line":118,"column":2},"end":{"line":147,"column":null}},{"start":{},"end":{}}],"line":118},"33":{"loc":{"start":{"line":125,"column":6},"end":{"line":125,"column":null}},"type":"if","locations":[{"start":{"line":125,"column":6},"end":{"line":125,"column":null}},{"start":{},"end":{}}],"line":125},"34":{"loc":{"start":{"line":125,"column":10},"end":{"line":125,"column":35}},"type":"binary-expr","locations":[{"start":{"line":125,"column":10},"end":{"line":125,"column":25}},{"start":{"line":125,"column":29},"end":{"line":125,"column":35}}],"line":125},"35":{"loc":{"start":{"line":126,"column":6},"end":{"line":126,"column":null}},"type":"if","locations":[{"start":{"line":126,"column":6},"end":{"line":126,"column":null}},{"start":{},"end":{}}],"line":126},"36":{"loc":{"start":{"line":132,"column":24},"end":{"line":132,"column":null}},"type":"binary-expr","locations":[{"start":{"line":132,"column":24},"end":{"line":132,"column":44}},{"start":{"line":132,"column":44},"end":{"line":132,"column":null}}],"line":132},"37":{"loc":{"start":{"line":134,"column":6},"end":{"line":143,"column":null}},"type":"if","locations":[{"start":{"line":134,"column":6},"end":{"line":143,"column":null}},{"start":{"line":140,"column":13},"end":{"line":143,"column":null}}],"line":134},"38":{"loc":{"start":{"line":149,"column":2},"end":{"line":151,"column":null}},"type":"if","locations":[{"start":{"line":149,"column":2},"end":{"line":151,"column":null}},{"start":{},"end":{}}],"line":149},"39":{"loc":{"start":{"line":153,"column":2},"end":{"line":155,"column":null}},"type":"if","locations":[{"start":{"line":153,"column":2},"end":{"line":155,"column":null}},{"start":{},"end":{}}],"line":153},"40":{"loc":{"start":{"line":165,"column":2},"end":{"line":165,"column":null}},"type":"if","locations":[{"start":{"line":165,"column":2},"end":{"line":165,"column":null}},{"start":{},"end":{}}],"line":165},"41":{"loc":{"start":{"line":165,"column":6},"end":{"line":165,"column":54}},"type":"binary-expr","locations":[{"start":{"line":165,"column":6},"end":{"line":165,"column":37}},{"start":{"line":165,"column":37},"end":{"line":165,"column":54}}],"line":165},"42":{"loc":{"start":{"line":173,"column":2},"end":{"line":173,"column":null}},"type":"if","locations":[{"start":{"line":173,"column":2},"end":{"line":173,"column":null}},{"start":{},"end":{}}],"line":173},"43":{"loc":{"start":{"line":173,"column":6},"end":{"line":173,"column":47}},"type":"binary-expr","locations":[{"start":{"line":173,"column":6},"end":{"line":173,"column":33}},{"start":{"line":173,"column":33},"end":{"line":173,"column":47}}],"line":173},"44":{"loc":{"start":{"line":175,"column":28},"end":{"line":175,"column":null}},"type":"binary-expr","locations":[{"start":{"line":175,"column":28},"end":{"line":175,"column":38}},{"start":{"line":175,"column":42},"end":{"line":175,"column":null}}],"line":175},"45":{"loc":{"start":{"line":178,"column":4},"end":{"line":178,"column":null}},"type":"if","locations":[{"start":{"line":178,"column":4},"end":{"line":178,"column":null}},{"start":{},"end":{}}],"line":178},"46":{"loc":{"start":{"line":196,"column":4},"end":{"line":196,"column":null}},"type":"if","locations":[{"start":{"line":196,"column":4},"end":{"line":196,"column":null}},{"start":{},"end":{}}],"line":196},"47":{"loc":{"start":{"line":196,"column":8},"end":{"line":196,"column":33}},"type":"binary-expr","locations":[{"start":{"line":196,"column":8},"end":{"line":196,"column":23}},{"start":{"line":196,"column":27},"end":{"line":196,"column":33}}],"line":196},"48":{"loc":{"start":{"line":197,"column":4},"end":{"line":197,"column":null}},"type":"if","locations":[{"start":{"line":197,"column":4},"end":{"line":197,"column":null}},{"start":{},"end":{}}],"line":197},"49":{"loc":{"start":{"line":202,"column":22},"end":{"line":202,"column":null}},"type":"binary-expr","locations":[{"start":{"line":202,"column":22},"end":{"line":202,"column":42}},{"start":{"line":202,"column":42},"end":{"line":202,"column":null}}],"line":202},"50":{"loc":{"start":{"line":203,"column":4},"end":{"line":207,"column":null}},"type":"if","locations":[{"start":{"line":203,"column":4},"end":{"line":207,"column":null}},{"start":{"line":205,"column":11},"end":{"line":207,"column":null}}],"line":203},"51":{"loc":{"start":{"line":210,"column":2},"end":{"line":210,"column":null}},"type":"if","locations":[{"start":{"line":210,"column":2},"end":{"line":210,"column":null}},{"start":{},"end":{}}],"line":210}},"s":{"0":0,"1":0,"2":0,"3":0,"4":0,"5":25,"6":24,"7":1,"8":1,"9":0,"10":0,"11":0,"12":0,"13":0,"14":0,"15":0,"16":0,"17":0,"18":0,"19":0,"20":0,"21":0,"22":0,"23":0,"24":0,"25":0,"26":0,"27":0,"28":0,"29":0,"30":0,"31":0,"32":0,"33":0,"34":0,"35":0,"36":0,"37":0,"38":0,"39":0,"40":0,"41":0,"42":0,"43":0,"44":0,"45":0,"46":0,"47":0,"48":0,"49":0,"50":0,"51":0,"52":0,"53":0,"54":0,"55":0,"56":0,"57":1,"58":1,"59":17,"60":1,"61":16,"62":16,"63":12,"64":4,"65":0,"66":0,"67":4,"68":1,"69":25,"70":1,"71":0,"72":0,"73":0,"74":0,"75":0,"76":0,"77":0,"78":0,"79":0,"80":0,"81":0,"82":0,"83":0,"84":0,"85":0,"86":0,"87":1,"88":0,"89":1,"90":0,"91":1,"92":0,"93":0,"94":0,"95":0,"96":0,"97":0,"98":0,"99":0,"100":0,"101":0,"102":0,"103":0,"104":0,"105":0,"106":0,"107":0,"108":0,"109":0,"110":0,"111":0,"112":0,"113":0,"114":0,"115":0,"116":0,"117":0,"118":0,"119":0,"120":0,"121":0,"122":0,"123":0,"124":0},"f":{"0":0,"1":0,"2":0,"3":25,"4":0,"5":0,"6":0,"7":0,"8":1,"9":0,"10":0,"11":0,"12":0,"13":0,"14":0},"b":{"0":[24,1],"1":[1,0],"2":[0,0],"3":[0,0],"4":[0,0],"5":[0,0],"6":[0,0],"7":[0,0],"8":[0,0],"9":[0,0],"10":[0,0],"11":[0,0],"12":[0,0],"13":[0,0],"14":[0,0],"15":[0,0],"16":[0,0],"17":[0,0],"18":[0,0],"19":[0,0],"20":[0,0],"21":[0,0],"22":[0,0],"23":[0,0],"24":[0,0],"25":[0,0],"26":[1,16],"27":[12,4],"28":[16,4],"29":[0,4],"30":[4,4],"31":[0,0,0,0],"32":[0,1],"33":[0,0],"34":[0,0],"35":[0,0],"36":[0,0],"37":[0,0],"38":[0,1],"39":[0,1],"40":[0,0],"41":[0,0],"42":[0,0],"43":[0,0],"44":[0,0],"45":[0,0],"46":[0,0],"47":[0,0],"48":[0,0],"49":[0,0],"50":[0,0],"51":[0,0]},"meta":{"lastBranch":52,"lastFunction":15,"lastStatement":125,"seen":{"f:11:9:11:18":0,"s:12:18:13:Infinity":0,"f:13:23:13:24":1,"s:13:30:13:40":1,"f:13:47:13:48":2,"s:13:54:13:Infinity":2,"s:15:2:15:Infinity":3,"s:16:2:16:Infinity":4,"f:19:9:19:19":3,"b:20:2:20:Infinity:undefined:undefined:undefined:undefined":0,"s:20:2:20:Infinity":5,"s:20:14:20:Infinity":6,"b:21:2:21:Infinity:undefined:undefined:undefined:undefined":1,"s:21:2:21:Infinity":7,"s:21:28:21:Infinity":8,"s:22:2:25:Infinity":9,"f:24:9:24:10":4,"s:24:16:24:Infinity":10,"f:25:12:25:13":5,"s:25:19:25:Infinity":11,"f:29:16:29:32":6,"s:30:8:30:Infinity":12,"s:31:38:31:Infinity":13,"s:33:2:42:Infinity":14,"b:34:4:34:Infinity:undefined:undefined:undefined:undefined":2,"s:34:4:34:Infinity":15,"s:34:38:34:Infinity":16,"s:35:18:35:29":17,"b:36:4:36:Infinity:undefined:undefined:undefined:undefined":3,"s:36:4:36:Infinity":18,"b:36:8:36:31:36:31:36:47":4,"s:36:47:36:Infinity":19,"b:37:4:41:Infinity:39:11:41:Infinity":5,"s:37:4:41:Infinity":20,"s:38:6:38:Infinity":21,"b:38:27:38:36:38:36:38:Infinity":6,"s:40:6:40:Infinity":22,"s:44:2:49:Infinity":23,"s:45:18:45:29":24,"b:46:4:48:Infinity:undefined:undefined:undefined:undefined":7,"s:46:4:48:Infinity":25,"s:47:6:47:Infinity":26,"b:51:2:51:Infinity:undefined:undefined:undefined:undefined":8,"s:51:2:51:Infinity":27,"s:51:18:51:Infinity":28,"b:51:37:51:47:51:51:51:Infinity":9,"b:52:2:52:Infinity:undefined:undefined:undefined:undefined":10,"s:52:2:52:Infinity":29,"s:52:27:52:Infinity":30,"b:52:55:52:74:52:78:52:Infinity":11,"b:53:2:55:Infinity:undefined:undefined:undefined:undefined":12,"s:53:2:55:Infinity":31,"s:54:4:54:Infinity":32,"b:54:39:54:65:54:69:54:Infinity":13,"s:57:2:57:Infinity":33,"f:61:16:61:41":7,"s:62:8:62:Infinity":34,"s:63:35:63:Infinity":35,"s:65:2:74:Infinity":36,"b:66:4:66:Infinity:undefined:undefined:undefined:undefined":14,"s:66:4:66:Infinity":37,"s:66:38:66:Infinity":38,"s:67:18:67:29":39,"b:68:4:68:Infinity:undefined:undefined:undefined:undefined":15,"s:68:4:68:Infinity":40,"b:68:8:68:31:68:31:68:47":16,"s:68:47:68:Infinity":41,"b:69:4:73:Infinity:71:11:73:Infinity":17,"s:69:4:73:Infinity":42,"s:70:6:70:Infinity":43,"b:70:27:70:36:70:36:70:Infinity":18,"s:72:6:72:Infinity":44,"s:76:2:84:Infinity":45,"s:77:18:77:29":46,"b:79:4:83:Infinity:81:11:83:Infinity":19,"s:79:4:83:Infinity":47,"s:80:6:80:Infinity":48,"s:82:6:82:Infinity":49,"b:86:2:86:Infinity:undefined:undefined:undefined:undefined":20,"s:86:2:86:Infinity":50,"s:86:18:86:Infinity":51,"b:86:37:86:47:86:51:86:Infinity":21,"b:87:2:87:Infinity:undefined:undefined:undefined:undefined":22,"s:87:2:87:Infinity":52,"s:87:27:87:Infinity":53,"b:87:55:87:74:87:78:87:Infinity":23,"b:88:2:90:Infinity:undefined:undefined:undefined:undefined":24,"s:88:2:90:Infinity":54,"s:89:4:89:Infinity":55,"b:89:39:89:65:89:69:89:Infinity":25,"s:92:2:92:Infinity":56,"f:96:16:96:Infinity":8,"s:100:29:100:Infinity":57,"s:102:2:112:Infinity":58,"b:103:4:103:Infinity:undefined:undefined:undefined:undefined":26,"s:103:4:103:Infinity":59,"s:103:38:103:Infinity":60,"s:104:18:104:28":61,"b:105:4:105:Infinity:undefined:undefined:undefined:undefined":27,"s:105:4:105:Infinity":62,"b:105:8:105:31:105:31:105:45":28,"s:105:45:105:Infinity":63,"b:106:4:111:Infinity:109:11:111:Infinity":29,"s:106:4:111:Infinity":64,"b:106:8:106:40:106:40:106:73":30,"s:107:16:107:Infinity":65,"s:108:6:108:Infinity":66,"b:108:20:108:33:108:33:108:49:108:49:108:64:108:64:108:Infinity":31,"s:110:6:110:Infinity":67,"s:114:2:116:Infinity":68,"s:115:4:115:Infinity":69,"b:118:2:147:Infinity:undefined:undefined:undefined:undefined":32,"s:118:2:147:Infinity":70,"s:120:38:120:Infinity":71,"s:121:20:121:Infinity":72,"s:124:4:128:Infinity":73,"b:125:6:125:Infinity:undefined:undefined:undefined:undefined":33,"s:125:6:125:Infinity":74,"b:125:10:125:25:125:29:125:35":34,"s:125:37:125:Infinity":75,"b:126:6:126:Infinity:undefined:undefined:undefined:undefined":35,"s:126:6:126:Infinity":76,"s:126:40:126:Infinity":77,"s:127:6:127:Infinity":78,"s:131:4:144:Infinity":79,"s:132:24:132:Infinity":80,"b:132:24:132:44:132:44:132:Infinity":36,"f:132:55:132:60":9,"s:132:60:132:69":81,"b:134:6:143:Infinity:140:13:143:Infinity":37,"s:134:6:143:Infinity":82,"s:136:8:139:Infinity":83,"f:136:30:136:36":10,"s:136:36:139:Infinity":84,"s:142:8:142:Infinity":85,"s:146:4:146:Infinity":86,"b:149:2:151:Infinity:undefined:undefined:undefined:undefined":38,"s:149:2:151:Infinity":87,"s:150:4:150:Infinity":88,"b:153:2:155:Infinity:undefined:undefined:undefined:undefined":39,"s:153:2:155:Infinity":89,"s:154:4:154:Infinity":90,"s:157:2:157:Infinity":91,"f:161:16:161:Infinity":11,"s:164:18:164:42":92,"b:165:2:165:Infinity:undefined:undefined:undefined:undefined":40,"s:165:2:165:Infinity":93,"b:165:6:165:37:165:37:165:54":41,"s:165:54:165:Infinity":94,"s:168:2:172:Infinity":95,"s:169:4:169:Infinity":96,"s:171:4:171:Infinity":97,"b:173:2:173:Infinity:undefined:undefined:undefined:undefined":42,"s:173:2:173:Infinity":98,"b:173:6:173:33:173:33:173:47":43,"s:173:47:173:Infinity":99,"s:175:21:175:Infinity":100,"b:175:28:175:38:175:42:175:Infinity":44,"s:176:40:176:42":101,"s:177:2:184:Infinity":102,"b:178:4:178:Infinity:undefined:undefined:undefined:undefined":45,"s:178:4:178:Infinity":103,"s:178:14:178:Infinity":104,"s:179:4:183:Infinity":105,"s:185:2:185:Infinity":106,"f:189:16:189:Infinity":12,"s:192:36:192:Infinity":107,"s:193:18:193:Infinity":108,"s:195:2:199:Infinity":109,"b:196:4:196:Infinity:undefined:undefined:undefined:undefined":46,"s:196:4:196:Infinity":110,"b:196:8:196:23:196:27:196:33":47,"s:196:35:196:Infinity":111,"b:197:4:197:Infinity:undefined:undefined:undefined:undefined":48,"s:197:4:197:Infinity":112,"s:197:38:197:Infinity":113,"s:198:4:198:Infinity":114,"s:201:2:208:Infinity":115,"s:202:22:202:Infinity":116,"b:202:22:202:42:202:42:202:Infinity":49,"f:202:53:202:58":13,"s:202:58:202:67":117,"b:203:4:207:Infinity:205:11:207:Infinity":50,"s:203:4:207:Infinity":118,"s:204:6:204:Infinity":119,"f:204:28:204:34":14,"s:204:34:204:Infinity":120,"s:206:6:206:Infinity":121,"b:210:2:210:Infinity:undefined:undefined:undefined:undefined":51,"s:210:2:210:Infinity":122,"s:210:38:210:Infinity":123,"s:211:2:211:Infinity":124}}}
,"/Users/ewlarson/Javascript/ewlarson/ogm-metadata-studio/web/src/aardvark/model.ts": {"path":"/Users/ewlarson/Javascript/ewlarson/ogm-metadata-studio/web/src/aardvark/model.ts","statementMap":{"0":{"start":{"line":80,"column":50},"end":{"line":106,"column":null}},"1":{"start":{"line":108,"column":39},"end":{"line":126,"column":null}},"2":{"start":{"line":128,"column":58},"end":{"line":168,"column":null}},"3":{"start":{"line":172,"column":61},"end":{"line":205,"column":null}},"4":{"start":{"line":207,"column":24},"end":{"line":213,"column":null}},"5":{"start":{"line":216,"column":2},"end":{"line":218,"column":null}},"6":{"start":{"line":217,"column":4},"end":{"line":217,"column":null}},"7":{"start":{"line":224,"column":2},"end":{"line":224,"column":null}},"8":{"start":{"line":227,"column":2},"end":{"line":232,"column":null}},"9":{"start":{"line":231,"column":4},"end":{"line":231,"column":null}},"10":{"start":{"line":234,"column":13},"end":{"line":234,"column":null}},"11":{"start":{"line":236,"column":16},"end":{"line":236,"column":null}},"12":{"start":{"line":237,"column":17},"end":{"line":237,"column":null}},"13":{"start":{"line":239,"column":16},"end":{"line":239,"column":64}},"14":{"start":{"line":240,"column":2},"end":{"line":242,"column":null}},"15":{"start":{"line":241,"column":4},"end":{"line":241,"column":null}},"16":{"start":{"line":244,"column":22},"end":{"line":247,"column":null}},"17":{"start":{"line":249,"column":41},"end":{"line":249,"column":null}},"18":{"start":{"line":250,"column":2},"end":{"line":254,"column":null}},"19":{"start":{"line":251,"column":4},"end":{"line":253,"column":null}},"20":{"start":{"line":252,"column":6},"end":{"line":252,"column":null}},"21":{"start":{"line":256,"column":24},"end":{"line":274,"column":null}},"22":{"start":{"line":276,"column":2},"end":{"line":276,"column":null}},"23":{"start":{"line":280,"column":2},"end":{"line":285,"column":null}},"24":{"start":{"line":289,"column":2},"end":{"line":293,"column":null}},"25":{"start":{"line":297,"column":2},"end":{"line":302,"column":null}},"26":{"start":{"line":306,"column":2},"end":{"line":311,"column":null}},"27":{"start":{"line":315,"column":2},"end":{"line":321,"column":null}},"28":{"start":{"line":325,"column":2},"end":{"line":332,"column":null}},"29":{"start":{"line":336,"column":2},"end":{"line":339,"column":null}},"30":{"start":{"line":343,"column":2},"end":{"line":351,"column":null}},"31":{"start":{"line":355,"column":29},"end":{"line":400,"column":null}},"32":{"start":{"line":403,"column":2},"end":{"line":403,"column":null}},"33":{"start":{"line":403,"column":29},"end":{"line":403,"column":null}},"34":{"start":{"line":404,"column":2},"end":{"line":404,"column":null}},"35":{"start":{"line":404,"column":34},"end":{"line":404,"column":null}},"36":{"start":{"line":405,"column":2},"end":{"line":405,"column":null}},"37":{"start":{"line":405,"column":29},"end":{"line":405,"column":null}},"38":{"start":{"line":406,"column":2},"end":{"line":406,"column":null}},"39":{"start":{"line":406,"column":85},"end":{"line":406,"column":null}},"40":{"start":{"line":407,"column":2},"end":{"line":407,"column":null}},"41":{"start":{"line":407,"column":26},"end":{"line":407,"column":null}},"42":{"start":{"line":408,"column":2},"end":{"line":408,"column":null}},"43":{"start":{"line":408,"column":30},"end":{"line":408,"column":null}},"44":{"start":{"line":409,"column":2},"end":{"line":409,"column":null}},"45":{"start":{"line":409,"column":30},"end":{"line":409,"column":null}},"46":{"start":{"line":410,"column":2},"end":{"line":410,"column":null}},"47":{"start":{"line":410,"column":91},"end":{"line":410,"column":null}},"48":{"start":{"line":411,"column":2},"end":{"line":411,"column":null}},"49":{"start":{"line":411,"column":36},"end":{"line":411,"column":null}},"50":{"start":{"line":412,"column":2},"end":{"line":412,"column":null}},"51":{"start":{"line":412,"column":85},"end":{"line":412,"column":null}},"52":{"start":{"line":413,"column":2},"end":{"line":413,"column":null}},"53":{"start":{"line":413,"column":31},"end":{"line":413,"column":null}},"54":{"start":{"line":414,"column":2},"end":{"line":414,"column":null}},"55":{"start":{"line":414,"column":33},"end":{"line":414,"column":null}},"56":{"start":{"line":417,"column":2},"end":{"line":419,"column":null}},"57":{"start":{"line":418,"column":4},"end":{"line":418,"column":null}},"58":{"start":{"line":421,"column":2},"end":{"line":421,"column":null}},"59":{"start":{"line":422,"column":2},"end":{"line":422,"column":null}}},"fnMap":{"0":{"name":"ensureMdVersion","decl":{"start":{"line":215,"column":9},"end":{"line":215,"column":25}},"loc":{"start":{"line":215,"column":43},"end":{"line":219,"column":null}},"line":215},"1":{"name":"resourceFromJson","decl":{"start":{"line":223,"column":16},"end":{"line":223,"column":33}},"loc":{"start":{"line":223,"column":50},"end":{"line":277,"column":null}},"line":223},"2":{"name":"extractDescriptiveFields","decl":{"start":{"line":279,"column":9},"end":{"line":279,"column":34}},"loc":{"start":{"line":279,"column":51},"end":{"line":286,"column":null}},"line":279},"3":{"name":"extractCreatorFields","decl":{"start":{"line":288,"column":9},"end":{"line":288,"column":30}},"loc":{"start":{"line":288,"column":47},"end":{"line":294,"column":null}},"line":288},"4":{"name":"extractSubjectFields","decl":{"start":{"line":296,"column":9},"end":{"line":296,"column":30}},"loc":{"start":{"line":296,"column":47},"end":{"line":303,"column":null}},"line":296},"5":{"name":"extractTemporalFields","decl":{"start":{"line":305,"column":9},"end":{"line":305,"column":31}},"loc":{"start":{"line":305,"column":48},"end":{"line":312,"column":null}},"line":305},"6":{"name":"extractSpatialFields","decl":{"start":{"line":314,"column":9},"end":{"line":314,"column":30}},"loc":{"start":{"line":314,"column":47},"end":{"line":322,"column":null}},"line":314},"7":{"name":"extractAdminFields","decl":{"start":{"line":324,"column":9},"end":{"line":324,"column":28}},"loc":{"start":{"line":324,"column":45},"end":{"line":333,"column":null}},"line":324},"8":{"name":"extractObjectFields","decl":{"start":{"line":335,"column":9},"end":{"line":335,"column":29}},"loc":{"start":{"line":335,"column":46},"end":{"line":340,"column":null}},"line":335},"9":{"name":"extractRelationFields","decl":{"start":{"line":342,"column":9},"end":{"line":342,"column":31}},"loc":{"start":{"line":342,"column":48},"end":{"line":352,"column":null}},"line":342},"10":{"name":"resourceToJson","decl":{"start":{"line":354,"column":16},"end":{"line":354,"column":31}},"loc":{"start":{"line":354,"column":49},"end":{"line":423,"column":null}},"line":354}},"branchMap":{"0":{"loc":{"start":{"line":216,"column":2},"end":{"line":218,"column":null}},"type":"if","locations":[{"start":{"line":216,"column":2},"end":{"line":218,"column":null}},{"start":{},"end":{}}],"line":216},"1":{"loc":{"start":{"line":227,"column":2},"end":{"line":232,"column":null}},"type":"if","locations":[{"start":{"line":227,"column":2},"end":{"line":232,"column":null}},{"start":{},"end":{}}],"line":227},"2":{"loc":{"start":{"line":236,"column":16},"end":{"line":236,"column":null}},"type":"binary-expr","locations":[{"start":{"line":236,"column":16},"end":{"line":236,"column":35}},{"start":{"line":236,"column":50},"end":{"line":236,"column":null}}],"line":236},"3":{"loc":{"start":{"line":237,"column":17},"end":{"line":237,"column":null}},"type":"binary-expr","locations":[{"start":{"line":237,"column":17},"end":{"line":237,"column":43}},{"start":{"line":237,"column":58},"end":{"line":237,"column":null}}],"line":237},"4":{"loc":{"start":{"line":239,"column":16},"end":{"line":239,"column":64}},"type":"binary-expr","locations":[{"start":{"line":239,"column":16},"end":{"line":239,"column":44}},{"start":{"line":239,"column":62},"end":{"line":239,"column":64}}],"line":239},"5":{"loc":{"start":{"line":240,"column":2},"end":{"line":242,"column":null}},"type":"if","locations":[{"start":{"line":240,"column":2},"end":{"line":242,"column":null}},{"start":{},"end":{}}],"line":240},"6":{"loc":{"start":{"line":251,"column":4},"end":{"line":253,"column":null}},"type":"if","locations":[{"start":{"line":251,"column":4},"end":{"line":253,"column":null}},{"start":{},"end":{}}],"line":251},"7":{"loc":{"start":{"line":251,"column":8},"end":{"line":251,"column":57}},"type":"binary-expr","locations":[{"start":{"line":251,"column":8},"end":{"line":251,"column":31}},{"start":{"line":251,"column":31},"end":{"line":251,"column":57}}],"line":251},"8":{"loc":{"start":{"line":261,"column":28},"end":{"line":261,"column":null}},"type":"binary-expr","locations":[{"start":{"line":261,"column":28},"end":{"line":261,"column":50}},{"start":{"line":261,"column":54},"end":{"line":261,"column":null}}],"line":261},"9":{"loc":{"start":{"line":262,"column":18},"end":{"line":262,"column":null}},"type":"binary-expr","locations":[{"start":{"line":262,"column":18},"end":{"line":262,"column":38}},{"start":{"line":262,"column":65},"end":{"line":262,"column":null}}],"line":262},"10":{"loc":{"start":{"line":281,"column":24},"end":{"line":281,"column":81}},"type":"binary-expr","locations":[{"start":{"line":281,"column":24},"end":{"line":281,"column":50}},{"start":{"line":281,"column":79},"end":{"line":281,"column":81}}],"line":281},"11":{"loc":{"start":{"line":282,"column":24},"end":{"line":282,"column":81}},"type":"binary-expr","locations":[{"start":{"line":282,"column":24},"end":{"line":282,"column":50}},{"start":{"line":282,"column":79},"end":{"line":282,"column":81}}],"line":282},"12":{"loc":{"start":{"line":283,"column":21},"end":{"line":283,"column":75}},"type":"binary-expr","locations":[{"start":{"line":283,"column":21},"end":{"line":283,"column":44}},{"start":{"line":283,"column":73},"end":{"line":283,"column":75}}],"line":283},"13":{"loc":{"start":{"line":284,"column":24},"end":{"line":284,"column":null}},"type":"binary-expr","locations":[{"start":{"line":284,"column":24},"end":{"line":284,"column":50}},{"start":{"line":284,"column":79},"end":{"line":284,"column":null}}],"line":284},"14":{"loc":{"start":{"line":290,"column":20},"end":{"line":290,"column":73}},"type":"binary-expr","locations":[{"start":{"line":290,"column":20},"end":{"line":290,"column":42}},{"start":{"line":290,"column":71},"end":{"line":290,"column":73}}],"line":290},"15":{"loc":{"start":{"line":291,"column":22},"end":{"line":291,"column":77}},"type":"binary-expr","locations":[{"start":{"line":291,"column":22},"end":{"line":291,"column":46}},{"start":{"line":291,"column":75},"end":{"line":291,"column":77}}],"line":291},"16":{"loc":{"start":{"line":292,"column":23},"end":{"line":292,"column":null}},"type":"binary-expr","locations":[{"start":{"line":292,"column":23},"end":{"line":292,"column":48}},{"start":{"line":292,"column":75},"end":{"line":292,"column":null}}],"line":292},"17":{"loc":{"start":{"line":298,"column":25},"end":{"line":298,"column":83}},"type":"binary-expr","locations":[{"start":{"line":298,"column":25},"end":{"line":298,"column":52}},{"start":{"line":298,"column":81},"end":{"line":298,"column":83}}],"line":298},"18":{"loc":{"start":{"line":299,"column":20},"end":{"line":299,"column":73}},"type":"binary-expr","locations":[{"start":{"line":299,"column":20},"end":{"line":299,"column":42}},{"start":{"line":299,"column":71},"end":{"line":299,"column":73}}],"line":299},"19":{"loc":{"start":{"line":300,"column":19},"end":{"line":300,"column":71}},"type":"binary-expr","locations":[{"start":{"line":300,"column":19},"end":{"line":300,"column":40}},{"start":{"line":300,"column":69},"end":{"line":300,"column":71}}],"line":300},"20":{"loc":{"start":{"line":301,"column":21},"end":{"line":301,"column":null}},"type":"binary-expr","locations":[{"start":{"line":301,"column":21},"end":{"line":301,"column":44}},{"start":{"line":301,"column":73},"end":{"line":301,"column":null}}],"line":301},"21":{"loc":{"start":{"line":307,"column":21},"end":{"line":307,"column":75}},"type":"binary-expr","locations":[{"start":{"line":307,"column":21},"end":{"line":307,"column":44}},{"start":{"line":307,"column":73},"end":{"line":307,"column":75}}],"line":307},"22":{"loc":{"start":{"line":308,"column":18},"end":{"line":308,"column":null}},"type":"binary-expr","locations":[{"start":{"line":308,"column":18},"end":{"line":308,"column":38}},{"start":{"line":308,"column":65},"end":{"line":308,"column":null}}],"line":308},"23":{"loc":{"start":{"line":309,"column":22},"end":{"line":309,"column":null}},"type":"binary-expr","locations":[{"start":{"line":309,"column":22},"end":{"line":309,"column":46}},{"start":{"line":309,"column":73},"end":{"line":309,"column":null}}],"line":309},"24":{"loc":{"start":{"line":310,"column":25},"end":{"line":310,"column":null}},"type":"binary-expr","locations":[{"start":{"line":310,"column":25},"end":{"line":310,"column":52}},{"start":{"line":310,"column":81},"end":{"line":310,"column":null}}],"line":310},"25":{"loc":{"start":{"line":316,"column":20},"end":{"line":316,"column":73}},"type":"binary-expr","locations":[{"start":{"line":316,"column":20},"end":{"line":316,"column":42}},{"start":{"line":316,"column":71},"end":{"line":316,"column":73}}],"line":316},"26":{"loc":{"start":{"line":317,"column":15},"end":{"line":317,"column":null}},"type":"binary-expr","locations":[{"start":{"line":317,"column":15},"end":{"line":317,"column":32}},{"start":{"line":317,"column":59},"end":{"line":317,"column":null}}],"line":317},"27":{"loc":{"start":{"line":318,"column":19},"end":{"line":318,"column":null}},"type":"binary-expr","locations":[{"start":{"line":318,"column":19},"end":{"line":318,"column":40}},{"start":{"line":318,"column":67},"end":{"line":318,"column":null}}],"line":318},"28":{"loc":{"start":{"line":319,"column":19},"end":{"line":319,"column":null}},"type":"binary-expr","locations":[{"start":{"line":319,"column":19},"end":{"line":319,"column":40}},{"start":{"line":319,"column":67},"end":{"line":319,"column":null}}],"line":319},"29":{"loc":{"start":{"line":320,"column":25},"end":{"line":320,"column":null}},"type":"binary-expr","locations":[{"start":{"line":320,"column":25},"end":{"line":320,"column":52}},{"start":{"line":320,"column":80},"end":{"line":320,"column":null}}],"line":320},"30":{"loc":{"start":{"line":326,"column":23},"end":{"line":326,"column":79}},"type":"binary-expr","locations":[{"start":{"line":326,"column":23},"end":{"line":326,"column":48}},{"start":{"line":326,"column":77},"end":{"line":326,"column":79}}],"line":326},"31":{"loc":{"start":{"line":327,"column":25},"end":{"line":327,"column":null}},"type":"binary-expr","locations":[{"start":{"line":327,"column":25},"end":{"line":327,"column":52}},{"start":{"line":327,"column":79},"end":{"line":327,"column":null}}],"line":327},"32":{"loc":{"start":{"line":328,"column":19},"end":{"line":328,"column":71}},"type":"binary-expr","locations":[{"start":{"line":328,"column":19},"end":{"line":328,"column":40}},{"start":{"line":328,"column":69},"end":{"line":328,"column":71}}],"line":328},"33":{"loc":{"start":{"line":329,"column":25},"end":{"line":329,"column":83}},"type":"binary-expr","locations":[{"start":{"line":329,"column":25},"end":{"line":329,"column":52}},{"start":{"line":329,"column":81},"end":{"line":329,"column":83}}],"line":329},"34":{"loc":{"start":{"line":330,"column":20},"end":{"line":330,"column":73}},"type":"binary-expr","locations":[{"start":{"line":330,"column":20},"end":{"line":330,"column":42}},{"start":{"line":330,"column":71},"end":{"line":330,"column":73}}],"line":330},"35":{"loc":{"start":{"line":331,"column":22},"end":{"line":331,"column":null}},"type":"binary-expr","locations":[{"start":{"line":331,"column":22},"end":{"line":331,"column":46}},{"start":{"line":331,"column":74},"end":{"line":331,"column":null}}],"line":331},"36":{"loc":{"start":{"line":337,"column":20},"end":{"line":337,"column":null}},"type":"binary-expr","locations":[{"start":{"line":337,"column":20},"end":{"line":337,"column":42}},{"start":{"line":337,"column":69},"end":{"line":337,"column":null}}],"line":337},"37":{"loc":{"start":{"line":344,"column":22},"end":{"line":344,"column":77}},"type":"binary-expr","locations":[{"start":{"line":344,"column":22},"end":{"line":344,"column":46}},{"start":{"line":344,"column":75},"end":{"line":344,"column":77}}],"line":344},"38":{"loc":{"start":{"line":345,"column":21},"end":{"line":345,"column":75}},"type":"binary-expr","locations":[{"start":{"line":345,"column":21},"end":{"line":345,"column":44}},{"start":{"line":345,"column":73},"end":{"line":345,"column":75}}],"line":345},"39":{"loc":{"start":{"line":346,"column":19},"end":{"line":346,"column":71}},"type":"binary-expr","locations":[{"start":{"line":346,"column":19},"end":{"line":346,"column":40}},{"start":{"line":346,"column":69},"end":{"line":346,"column":71}}],"line":346},"40":{"loc":{"start":{"line":347,"column":24},"end":{"line":347,"column":81}},"type":"binary-expr","locations":[{"start":{"line":347,"column":24},"end":{"line":347,"column":50}},{"start":{"line":347,"column":79},"end":{"line":347,"column":81}}],"line":347},"41":{"loc":{"start":{"line":348,"column":21},"end":{"line":348,"column":75}},"type":"binary-expr","locations":[{"start":{"line":348,"column":21},"end":{"line":348,"column":44}},{"start":{"line":348,"column":73},"end":{"line":348,"column":75}}],"line":348},"42":{"loc":{"start":{"line":349,"column":25},"end":{"line":349,"column":83}},"type":"binary-expr","locations":[{"start":{"line":349,"column":25},"end":{"line":349,"column":52}},{"start":{"line":349,"column":81},"end":{"line":349,"column":83}}],"line":349},"43":{"loc":{"start":{"line":350,"column":21},"end":{"line":350,"column":null}},"type":"binary-expr","locations":[{"start":{"line":350,"column":21},"end":{"line":350,"column":44}},{"start":{"line":350,"column":73},"end":{"line":350,"column":null}}],"line":350},"44":{"loc":{"start":{"line":403,"column":2},"end":{"line":403,"column":null}},"type":"if","locations":[{"start":{"line":403,"column":2},"end":{"line":403,"column":null}},{"start":{},"end":{}}],"line":403},"45":{"loc":{"start":{"line":404,"column":2},"end":{"line":404,"column":null}},"type":"if","locations":[{"start":{"line":404,"column":2},"end":{"line":404,"column":null}},{"start":{},"end":{}}],"line":404},"46":{"loc":{"start":{"line":405,"column":2},"end":{"line":405,"column":null}},"type":"if","locations":[{"start":{"line":405,"column":2},"end":{"line":405,"column":null}},{"start":{},"end":{}}],"line":405},"47":{"loc":{"start":{"line":406,"column":2},"end":{"line":406,"column":null}},"type":"if","locations":[{"start":{"line":406,"column":2},"end":{"line":406,"column":null}},{"start":{},"end":{}}],"line":406},"48":{"loc":{"start":{"line":406,"column":6},"end":{"line":406,"column":85}},"type":"binary-expr","locations":[{"start":{"line":406,"column":6},"end":{"line":406,"column":44}},{"start":{"line":406,"column":44},"end":{"line":406,"column":85}}],"line":406},"49":{"loc":{"start":{"line":407,"column":2},"end":{"line":407,"column":null}},"type":"if","locations":[{"start":{"line":407,"column":2},"end":{"line":407,"column":null}},{"start":{},"end":{}}],"line":407},"50":{"loc":{"start":{"line":408,"column":2},"end":{"line":408,"column":null}},"type":"if","locations":[{"start":{"line":408,"column":2},"end":{"line":408,"column":null}},{"start":{},"end":{}}],"line":408},"51":{"loc":{"start":{"line":409,"column":2},"end":{"line":409,"column":null}},"type":"if","locations":[{"start":{"line":409,"column":2},"end":{"line":409,"column":null}},{"start":{},"end":{}}],"line":409},"52":{"loc":{"start":{"line":410,"column":2},"end":{"line":410,"column":null}},"type":"if","locations":[{"start":{"line":410,"column":2},"end":{"line":410,"column":null}},{"start":{},"end":{}}],"line":410},"53":{"loc":{"start":{"line":410,"column":6},"end":{"line":410,"column":91}},"type":"binary-expr","locations":[{"start":{"line":410,"column":6},"end":{"line":410,"column":47}},{"start":{"line":410,"column":47},"end":{"line":410,"column":91}}],"line":410},"54":{"loc":{"start":{"line":411,"column":2},"end":{"line":411,"column":null}},"type":"if","locations":[{"start":{"line":411,"column":2},"end":{"line":411,"column":null}},{"start":{},"end":{}}],"line":411},"55":{"loc":{"start":{"line":412,"column":2},"end":{"line":412,"column":null}},"type":"if","locations":[{"start":{"line":412,"column":2},"end":{"line":412,"column":null}},{"start":{},"end":{}}],"line":412},"56":{"loc":{"start":{"line":412,"column":6},"end":{"line":412,"column":85}},"type":"binary-expr","locations":[{"start":{"line":412,"column":6},"end":{"line":412,"column":44}},{"start":{"line":412,"column":44},"end":{"line":412,"column":85}}],"line":412},"57":{"loc":{"start":{"line":413,"column":2},"end":{"line":413,"column":null}},"type":"if","locations":[{"start":{"line":413,"column":2},"end":{"line":413,"column":null}},{"start":{},"end":{}}],"line":413},"58":{"loc":{"start":{"line":414,"column":2},"end":{"line":414,"column":null}},"type":"if","locations":[{"start":{"line":414,"column":2},"end":{"line":414,"column":null}},{"start":{},"end":{}}],"line":414}},"s":{"0":3,"1":3,"2":3,"3":3,"4":3,"5":3,"6":0,"7":2,"8":2,"9":0,"10":2,"11":2,"12":2,"13":2,"14":2,"15":0,"16":2,"17":2,"18":2,"19":58,"20":0,"21":2,"22":2,"23":2,"24":2,"25":2,"26":2,"27":2,"28":2,"29":2,"30":2,"31":1,"32":1,"33":0,"34":1,"35":0,"36":1,"37":0,"38":1,"39":0,"40":1,"41":0,"42":1,"43":0,"44":1,"45":0,"46":1,"47":0,"48":1,"49":0,"50":1,"51":0,"52":1,"53":0,"54":1,"55":0,"56":1,"57":0,"58":1,"59":1},"f":{"0":3,"1":2,"2":2,"3":2,"4":2,"5":2,"6":2,"7":2,"8":2,"9":2,"10":1},"b":{"0":[0,3],"1":[0,2],"2":[2,0],"3":[2,0],"4":[2,0],"5":[0,2],"6":[0,58],"7":[58,0],"8":[2,0],"9":[2,2],"10":[2,0],"11":[2,0],"12":[2,0],"13":[2,0],"14":[2,0],"15":[2,0],"16":[2,2],"17":[2,0],"18":[2,0],"19":[2,0],"20":[2,0],"21":[2,0],"22":[2,2],"23":[2,2],"24":[2,0],"25":[2,0],"26":[2,2],"27":[2,2],"28":[2,2],"29":[2,2],"30":[2,0],"31":[2,2],"32":[2,0],"33":[2,0],"34":[2,0],"35":[2,2],"36":[2,2],"37":[2,0],"38":[2,0],"39":[2,0],"40":[2,0],"41":[2,0],"42":[2,0],"43":[2,0],"44":[0,1],"45":[0,1],"46":[0,1],"47":[0,1],"48":[1,1],"49":[0,1],"50":[0,1],"51":[0,1],"52":[0,1],"53":[1,1],"54":[0,1],"55":[0,1],"56":[1,1],"57":[0,1],"58":[0,1]},"meta":{"lastBranch":59,"lastFunction":11,"lastStatement":60,"seen":{"s:80:50:106:Infinity":0,"s:108:39:126:Infinity":1,"s:128:58:168:Infinity":2,"s:172:61:205:Infinity":3,"s:207:24:213:Infinity":4,"f:215:9:215:25":0,"b:216:2:218:Infinity:undefined:undefined:undefined:undefined":0,"s:216:2:218:Infinity":5,"s:217:4:217:Infinity":6,"f:223:16:223:33":1,"s:224:2:224:Infinity":7,"b:227:2:232:Infinity:undefined:undefined:undefined:undefined":1,"s:227:2:232:Infinity":8,"s:231:4:231:Infinity":9,"s:234:13:234:Infinity":10,"s:236:16:236:Infinity":11,"b:236:16:236:35:236:50:236:Infinity":2,"s:237:17:237:Infinity":12,"b:237:17:237:43:237:58:237:Infinity":3,"s:239:16:239:64":13,"b:239:16:239:44:239:62:239:64":4,"b:240:2:242:Infinity:undefined:undefined:undefined:undefined":5,"s:240:2:242:Infinity":14,"s:241:4:241:Infinity":15,"s:244:22:247:Infinity":16,"s:249:41:249:Infinity":17,"s:250:2:254:Infinity":18,"b:251:4:253:Infinity:undefined:undefined:undefined:undefined":6,"s:251:4:253:Infinity":19,"b:251:8:251:31:251:31:251:57":7,"s:252:6:252:Infinity":20,"s:256:24:274:Infinity":21,"b:261:28:261:50:261:54:261:Infinity":8,"b:262:18:262:38:262:65:262:Infinity":9,"s:276:2:276:Infinity":22,"f:279:9:279:34":2,"s:280:2:285:Infinity":23,"b:281:24:281:50:281:79:281:81":10,"b:282:24:282:50:282:79:282:81":11,"b:283:21:283:44:283:73:283:75":12,"b:284:24:284:50:284:79:284:Infinity":13,"f:288:9:288:30":3,"s:289:2:293:Infinity":24,"b:290:20:290:42:290:71:290:73":14,"b:291:22:291:46:291:75:291:77":15,"b:292:23:292:48:292:75:292:Infinity":16,"f:296:9:296:30":4,"s:297:2:302:Infinity":25,"b:298:25:298:52:298:81:298:83":17,"b:299:20:299:42:299:71:299:73":18,"b:300:19:300:40:300:69:300:71":19,"b:301:21:301:44:301:73:301:Infinity":20,"f:305:9:305:31":5,"s:306:2:311:Infinity":26,"b:307:21:307:44:307:73:307:75":21,"b:308:18:308:38:308:65:308:Infinity":22,"b:309:22:309:46:309:73:309:Infinity":23,"b:310:25:310:52:310:81:310:Infinity":24,"f:314:9:314:30":6,"s:315:2:321:Infinity":27,"b:316:20:316:42:316:71:316:73":25,"b:317:15:317:32:317:59:317:Infinity":26,"b:318:19:318:40:318:67:318:Infinity":27,"b:319:19:319:40:319:67:319:Infinity":28,"b:320:25:320:52:320:80:320:Infinity":29,"f:324:9:324:28":7,"s:325:2:332:Infinity":28,"b:326:23:326:48:326:77:326:79":30,"b:327:25:327:52:327:79:327:Infinity":31,"b:328:19:328:40:328:69:328:71":32,"b:329:25:329:52:329:81:329:83":33,"b:330:20:330:42:330:71:330:73":34,"b:331:22:331:46:331:74:331:Infinity":35,"f:335:9:335:29":8,"s:336:2:339:Infinity":29,"b:337:20:337:42:337:69:337:Infinity":36,"f:342:9:342:31":9,"s:343:2:351:Infinity":30,"b:344:22:344:46:344:75:344:77":37,"b:345:21:345:44:345:73:345:75":38,"b:346:19:346:40:346:69:346:71":39,"b:347:24:347:50:347:79:347:81":40,"b:348:21:348:44:348:73:348:75":41,"b:349:25:349:52:349:81:349:83":42,"b:350:21:350:44:350:73:350:Infinity":43,"f:354:16:354:31":10,"s:355:29:400:Infinity":31,"b:403:2:403:Infinity:undefined:undefined:undefined:undefined":44,"s:403:2:403:Infinity":32,"s:403:29:403:Infinity":33,"b:404:2:404:Infinity:undefined:undefined:undefined:undefined":45,"s:404:2:404:Infinity":34,"s:404:34:404:Infinity":35,"b:405:2:405:Infinity:undefined:undefined:undefined:undefined":46,"s:405:2:405:Infinity":36,"s:405:29:405:Infinity":37,"b:406:2:406:Infinity:undefined:undefined:undefined:undefined":47,"s:406:2:406:Infinity":38,"b:406:6:406:44:406:44:406:85":48,"s:406:85:406:Infinity":39,"b:407:2:407:Infinity:undefined:undefined:undefined:undefined":49,"s:407:2:407:Infinity":40,"s:407:26:407:Infinity":41,"b:408:2:408:Infinity:undefined:undefined:undefined:undefined":50,"s:408:2:408:Infinity":42,"s:408:30:408:Infinity":43,"b:409:2:409:Infinity:undefined:undefined:undefined:undefined":51,"s:409:2:409:Infinity":44,"s:409:30:409:Infinity":45,"b:410:2:410:Infinity:undefined:undefined:undefined:undefined":52,"s:410:2:410:Infinity":46,"b:410:6:410:47:410:47:410:91":53,"s:410:91:410:Infinity":47,"b:411:2:411:Infinity:undefined:undefined:undefined:undefined":54,"s:411:2:411:Infinity":48,"s:411:36:411:Infinity":49,"b:412:2:412:Infinity:undefined:undefined:undefined:undefined":55,"s:412:2:412:Infinity":50,"b:412:6:412:44:412:44:412:85":56,"s:412:85:412:Infinity":51,"b:413:2:413:Infinity:undefined:undefined:undefined:undefined":57,"s:413:2:413:Infinity":52,"s:413:31:413:Infinity":53,"b:414:2:414:Infinity:undefined:undefined:undefined:undefined":58,"s:414:2:414:Infinity":54,"s:414:33:414:Infinity":55,"s:417:2:419:Infinity":56,"s:418:4:418:Infinity":57,"s:421:2:421:Infinity":58,"s:422:2:422:Infinity":59}}}
[...]
d":{"line":44,"column":null}},{"start":{},"end":{}}],"line":44},"3":{"loc":{"start":{"line":49,"column":4},"end":{"line":52,"column":null}},"type":"if","locations":[{"start":{"line":49,"column":4},"end":{"line":52,"column":null}},{"start":{},"end":{}}],"line":49},"4":{"loc":{"start":{"line":51,"column":8},"end":{"line":51,"column":null}},"type":"if","locations":[{"start":{"line":51,"column":8},"end":{"line":51,"column":null}},{"start":{},"end":{}}],"line":51},"5":{"loc":{"start":{"line":58,"column":4},"end":{"line":58,"column":null}},"type":"if","locations":[{"start":{"line":58,"column":4},"end":{"line":58,"column":null}},{"start":{},"end":{}}],"line":58},"6":{"loc":{"start":{"line":70,"column":4},"end":{"line":75,"column":null}},"type":"if","locations":[{"start":{"line":70,"column":4},"end":{"line":75,"column":null}},{"start":{},"end":{}}],"line":70},"7":{"loc":{"start":{"line":70,"column":8},"end":{"line":70,"column":81}},"type":"binary-expr","locations":[{"start":{"line":70,"column":8},"end":{"line":70,"column":56}},{"start":{"line":70,"column":60},"end":{"line":70,"column":81}}],"line":70},"8":{"loc":{"start":{"line":73,"column":22},"end":{"line":73,"column":null}},"type":"binary-expr","locations":[{"start":{"line":73,"column":22},"end":{"line":73,"column":70}},{"start":{"line":73,"column":74},"end":{"line":73,"column":null}}],"line":73},"9":{"loc":{"start":{"line":78,"column":4},"end":{"line":84,"column":null}},"type":"if","locations":[{"start":{"line":78,"column":4},"end":{"line":84,"column":null}},{"start":{},"end":{}}],"line":78},"10":{"loc":{"start":{"line":78,"column":8},"end":{"line":78,"column":77}},"type":"binary-expr","locations":[{"start":{"line":78,"column":8},"end":{"line":78,"column":62}},{"start":{"line":78,"column":66},"end":{"line":78,"column":77}}],"line":78},"11":{"loc":{"start":{"line":81,"column":22},"end":{"line":81,"column":91}},"type":"binary-expr","locations":[{"start":{"line":81,"column":22},"end":{"line":81,"column":76}},{"start":{"line":81,"column":80},"end":{"line":81,"column":91}}],"line":81},"12":{"loc":{"start":{"line":86,"column":4},"end":{"line":92,"column":null}},"type":"if","locations":[{"start":{"line":86,"column":4},"end":{"line":92,"column":null}},{"start":{},"end":{}}],"line":86},"13":{"loc":{"start":{"line":86,"column":8},"end":{"line":86,"column":93}},"type":"binary-expr","locations":[{"start":{"line":86,"column":8},"end":{"line":86,"column":72}},{"start":{"line":86,"column":76},"end":{"line":86,"column":93}}],"line":86},"14":{"loc":{"start":{"line":89,"column":22},"end":{"line":89,"column":107}},"type":"binary-expr","locations":[{"start":{"line":89,"column":22},"end":{"line":89,"column":86}},{"start":{"line":89,"column":90},"end":{"line":89,"column":107}}],"line":89},"15":{"loc":{"start":{"line":95,"column":4},"end":{"line":101,"column":null}},"type":"if","locations":[{"start":{"line":95,"column":4},"end":{"line":101,"column":null}},{"start":{},"end":{}}],"line":95},"16":{"loc":{"start":{"line":95,"column":8},"end":{"line":95,"column":90}},"type":"binary-expr","locations":[{"start":{"line":95,"column":8},"end":{"line":95,"column":58}},{"start":{"line":95,"column":62},"end":{"line":95,"column":90}}],"line":95},"17":{"loc":{"start":{"line":98,"column":22},"end":{"line":98,"column":104}},"type":"binary-expr","locations":[{"start":{"line":98,"column":22},"end":{"line":98,"column":72}},{"start":{"line":98,"column":76},"end":{"line":98,"column":104}}],"line":98},"18":{"loc":{"start":{"line":104,"column":4},"end":{"line":110,"column":null}},"type":"if","locations":[{"start":{"line":104,"column":4},"end":{"line":110,"column":null}},{"start":{},"end":{}}],"line":104},"19":{"loc":{"start":{"line":104,"column":8},"end":{"line":104,"column":93}},"type":"binary-expr","locations":[{"start":{"line":104,"column":8},"end":{"line":104,"column":59}},{"start":{"line":104,"column":63},"end":{"line":104,"column":93}}],"line":104},"20":{"loc":{"start":{"line":107,"column":22},"end":{"line":107,"column":107}},"type":"binary-expr","locations":[{"start":{"line":107,"column":22},"end":{"line":107,"column":73}},{"start":{"line":107,"column":77},"end":{"line":107,"column":107}}],"line":107},"21":{"loc":{"start":{"line":113,"column":4},"end":{"line":119,"column":null}},"type":"if","locations":[{"start":{"line":113,"column":4},"end":{"line":119,"column":null}},{"start":{},"end":{}}],"line":113},"22":{"loc":{"start":{"line":113,"column":8},"end":{"line":113,"column":97}},"type":"binary-expr","locations":[{"start":{"line":113,"column":8},"end":{"line":113,"column":61}},{"start":{"line":113,"column":65},"end":{"line":113,"column":97}}],"line":113},"23":{"loc":{"start":{"line":116,"column":22},"end":{"line":116,"column":111}},"type":"binary-expr","locations":[{"start":{"line":116,"column":22},"end":{"line":116,"column":75}},{"start":{"line":116,"column":79},"end":{"line":116,"column":111}}],"line":116},"24":{"loc":{"start":{"line":122,"column":4},"end":{"line":128,"column":null}},"type":"if","locations":[{"start":{"line":122,"column":4},"end":{"line":128,"column":null}},{"start":{},"end":{}}],"line":122},"25":{"loc":{"start":{"line":122,"column":8},"end":{"line":122,"column":93}},"type":"binary-expr","locations":[{"start":{"line":122,"column":8},"end":{"line":122,"column":59}},{"start":{"line":122,"column":63},"end":{"line":122,"column":93}}],"line":122},"26":{"loc":{"start":{"line":125,"column":22},"end":{"line":125,"column":107}},"type":"binary-expr","locations":[{"start":{"line":125,"column":22},"end":{"line":125,"column":73}},{"start":{"line":125,"column":77},"end":{"line":125,"column":107}}],"line":125}},"s":{"0":0,"1":0,"2":0,"3":0,"4":0,"5":0,"6":0,"7":0,"8":0,"9":0,"10":0,"11":0,"12":0,"13":0,"14":0,"15":0,"16":0,"17":0,"18":0,"19":0,"20":0,"21":0,"22":0,"23":0,"24":0,"25":0,"26":0,"27":0,"28":0,"29":0,"30":0,"31":0,"32":0,"33":0,"34":0,"35":0,"36":0,"37":0,"38":0,"39":0,"40":0,"41":0,"42":0,"43":0},"f":{"0":0,"1":0,"2":0},"b":{"0":[0,0],"1":[0,0],"2":[0,0],"3":[0,0],"4":[0,0],"5":[0,0],"6":[0,0],"7":[0,0],"8":[0,0],"9":[0,0],"10":[0,0],"11":[0,0],"12":[0,0],"13":[0,0],"14":[0,0],"15":[0,0],"16":[0,0],"17":[0,0],"18":[0,0],"19":[0,0],"20":[0,0],"21":[0,0],"22":[0,0],"23":[0,0],"24":[0,0],"25":[0,0],"26":[0,0]},"meta":{"lastBranch":27,"lastFunction":3,"lastStatement":44,"seen":{"f:10:16:10:34":0,"s:11:26:33:Infinity":0,"f:11:26:11:27":1,"s:12:30:12:Infinity":1,"b:13:8:31:Infinity:undefined:undefined:undefined:undefined":0,"s:13:8:31:Infinity":2,"s:14:22:14:Infinity":3,"s:15:22:15:Infinity":4,"s:16:22:16:Infinity":5,"s:17:22:17:Infinity":6,"s:20:28:29:Infinity":7,"s:30:12:30:Infinity":8,"s:32:8:32:Infinity":9,"b:36:4:46:Infinity:undefined:undefined:undefined:undefined":1,"s:36:4:46:Infinity":10,"s:38:8:45:Infinity":11,"s:39:12:39:Infinity":12,"s:40:12:40:Infinity":13,"s:43:27:43:Infinity":14,"b:44:12:44:Infinity:undefined:undefined:undefined:undefined":2,"s:44:12:44:Infinity":15,"s:44:24:44:Infinity":16,"b:49:4:52:Infinity:undefined:undefined:undefined:undefined":3,"s:49:4:52:Infinity":17,"s:50:23:50:Infinity":18,"b:51:8:51:Infinity:undefined:undefined:undefined:undefined":4,"s:51:8:51:Infinity":19,"s:51:20:51:Infinity":20,"s:54:4:54:Infinity":21,"f:57:16:57:35":2,"b:58:4:58:Infinity:undefined:undefined:undefined:undefined":5,"s:58:4:58:Infinity":22,"s:58:36:58:Infinity":23,"s:60:39:60:Infinity":24,"s:61:4:66:Infinity":25,"s:62:8:62:Infinity":26,"s:64:8:64:Infinity":27,"s:65:8:65:Infinity":28,"b:70:4:75:Infinity:undefined:undefined:undefined:undefined":6,"s:70:4:75:Infinity":29,"b:70:8:70:56:70:60:70:81":7,"s:71:8:74:Infinity":30,"b:73:22:73:70:73:74:73:Infinity":8,"b:78:4:84:Infinity:undefined:undefined:undefined:undefined":9,"s:78:4:84:Infinity":31,"b:78:8:78:62:78:66:78:77":10,"s:79:8:83:Infinity":32,"b:81:22:81:76:81:80:81:91":11,"b:86:4:92:Infinity:undefined:undefined:undefined:undefined":12,"s:86:4:92:Infinity":33,"b:86:8:86:72:86:76:86:93":13,"s:87:8:91:Infinity":34,"b:89:22:89:86:89:90:89:107":14,"b:95:4:101:Infinity:undefined:undefined:undefined:undefined":15,"s:95:4:101:Infinity":35,"b:95:8:95:58:95:62:95:90":16,"s:96:8:100:Infinity":36,"b:98:22:98:72:98:76:98:104":17,"b:104:4:110:Infinity:undefined:undefined:undefined:undefined":18,"s:104:4:110:Infinity":37,"b:104:8:104:59:104:63:104:93":19,"s:105:8:109:Infinity":38,"b:107:22:107:73:107:77:107:107":20,"b:113:4:119:Infinity:undefined:undefined:undefined:undefined":21,"s:113:4:119:Infinity":39,"b:113:8:113:61:113:65:113:97":22,"s:114:8:118:Infinity":40,"b:116:22:116:75:116:79:116:111":23,"b:122:4:128:Infinity:undefined:undefined:undefined:undefined":24,"s:122:4:128:Infinity":41,"b:122:8:122:59:122:63:122:93":25,"s:123:8:127:Infinity":42,"b:125:22:125:73:125:77:125:107":26,"s:130:4:130:Infinity":43}}}
,"/Users/ewlarson/Javascript/ewlarson/ogm-metadata-studio/web/src/ui/shared/ErrorBoundary.tsx": {"path":"/Users/ewlarson/Javascript/ewlarson/ogm-metadata-studio/web/src/ui/shared/ErrorBoundary.tsx","statementMap":{"0":{"start":{"line":18,"column":8},"end":{"line":18,"column":null}},"1":{"start":{"line":22,"column":8},"end":{"line":22,"column":null}},"2":{"start":{"line":26,"column":8},"end":{"line":58,"column":null}},"3":{"start":{"line":27,"column":12},"end":{"line":52,"column":null}},"4":{"start":{"line":50,"column":43},"end":{"line":50,"column":null}},"5":{"start":{"line":60,"column":8},"end":{"line":60,"column":null}},"6":{"start":{"line":12,"column":7},"end":{"line":15,"column":null}}},"fnMap":{"0":{"name":"(anonymous_0)","decl":{"start":{"line":17,"column":18},"end":{"line":17,"column":43}},"loc":{"start":{"line":17,"column":64},"end":{"line":19,"column":null}},"line":17},"1":{"name":"(anonymous_1)","decl":{"start":{"line":21,"column":11},"end":{"line":21,"column":29}},"loc":{"start":{"line":21,"column":65},"end":{"line":23,"column":null}},"line":21},"2":{"name":"(anonymous_2)","decl":{"start":{"line":25,"column":11},"end":{"line":25,"column":20}},"loc":{"start":{"line":25,"column":20},"end":{"line":61,"column":null}},"line":25},"3":{"name":"(anonymous_3)","decl":{"start":{"line":50,"column":37},"end":{"line":50,"column":43}},"loc":{"start":{"line":50,"column":43},"end":{"line":50,"column":null}},"line":50}},"branchMap":{"0":{"loc":{"start":{"line":26,"column":8},"end":{"line":58,"column":null}},"type":"if","locations":[{"start":{"line":26,"column":8},"end":{"line":58,"column":null}},{"start":{},"end":{}}],"line":26},"1":{"loc":{"start":{"line":44,"column":25},"end":{"line":46,"column":null}},"type":"binary-expr","locations":[{"start":{"line":44,"column":25},"end":{"line":44,"column":41}},{"start":{"line":44,"column":41},"end":{"line":46,"column":null}}],"line":44}},"s":{"0":0,"1":0,"2":0,"3":0,"4":0,"5":0,"6":0},"f":{"0":0,"1":0,"2":0,"3":0},"b":{"0":[0,0],"1":[0,0]},"meta":{"lastBranch":2,"lastFunction":4,"lastStatement":7,"seen":{"f:17:18:17:43":0,"s:18:8:18:Infinity":0,"f:21:11:21:29":1,"s:22:8:22:Infinity":1,"f:25:11:25:20":2,"b:26:8:58:Infinity:undefined:undefined:undefined:undefined":0,"s:26:8:58:Infinity":2,"s:27:12:52:Infinity":3,"b:44:25:44:41:44:41:46:Infinity":1,"f:50:37:50:43":3,"s:50:43:50:Infinity":4,"s:60:8:60:Infinity":5,"s:12:7:15:Infinity":6}}}
,"/Users/ewlarson/Javascript/ewlarson/ogm-metadata-studio/web/src/ui/shared/Table.tsx": {"path":"/Users/ewlarson/Javascript/ewlarson/ogm-metadata-studio/web/src/ui/shared/Table.tsx","statementMap":{"0":{"start":{"line":10,"column":53},"end":{"line":39,"column":null}},"1":{"start":{"line":11,"column":23},"end":{"line":11,"column":null}},"2":{"start":{"line":12,"column":4},"end":{"line":12,"column":null}},"3":{"start":{"line":12,"column":21},"end":{"line":12,"column":null}},"4":{"start":{"line":14,"column":4},"end":{"line":33,"column":null}},"5":{"start":{"line":23,"column":35},"end":{"line":23,"column":null}},"6":{"start":{"line":30,"column":35},"end":{"line":30,"column":null}},"7":{"start":{"line":49,"column":53},"end":{"line":65,"column":null}},"8":{"start":{"line":50,"column":4},"end":{"line":59,"column":null}},"9":{"start":{"line":53,"column":27},"end":{"line":53,"column":null}},"10":{"start":{"line":67,"column":71},"end":{"line":77,"column":null}},"11":{"start":{"line":68,"column":4},"end":{"line":72,"column":null}}},"fnMap":{"0":{"name":"(anonymous_0)","decl":{"start":{"line":10,"column":53},"end":{"line":10,"column":54}},"loc":{"start":{"line":10,"column":89},"end":{"line":39,"column":null}},"line":10},"1":{"name":"(anonymous_1)","decl":{"start":{"line":23,"column":29},"end":{"line":23,"column":35}},"loc":{"start":{"line":23,"column":35},"end":{"line":23,"column":null}},"line":23},"2":{"name":"(anonymous_2)","decl":{"start":{"line":30,"column":29},"end":{"line":30,"column":35}},"loc":{"start":{"line":30,"column":35},"end":{"line":30,"column":null}},"line":30},"3":{"name":"(anonymous_3)","decl":{"start":{"line":49,"column":53},"end":{"line":49,"column":54}},"loc":{"start":{"line":49,"column":104},"end":{"line":65,"column":null}},"line":49},"4":{"name":"(anonymous_4)","decl":{"start":{"line":53,"column":21},"end":{"line":53,"column":27}},"loc":{"start":{"line":53,"column":27},"end":{"line":53,"column":null}},"line":53},"5":{"name":"(anonymous_5)","decl":{"start":{"line":67,"column":71},"end":{"line":67,"column":72}},"loc":{"start":{"line":67,"column":84},"end":{"line":77,"column":null}},"line":67}},"branchMap":{"0":{"loc":{"start":{"line":12,"column":4},"end":{"line":12,"column":null}},"type":"if","locations":[{"start":{"line":12,"column":4},"end":{"line":12,"column":null}},{"start":{},"end":{}}],"line":12},"1":{"loc":{"start":{"line":57,"column":17},"end":{"line":59,"column":null}},"type":"binary-expr","locations":[{"start":{"line":57,"column":17},"end":{"line":57,"column":null}},{"start":{"line":57,"column":33},"end":{"line":59,"column":null}}],"line":57},"2":{"loc":{"start":{"line":59,"column":25},"end":{"line":59,"column":null}},"type":"cond-expr","locations":[{"start":{"line":59,"column":47},"end":{"line":59,"column":53}},{"start":{"line":59,"column":53},"end":{"line":59,"column":null}}],"line":59}},"s":{"0":1,"1":9,"2":9,"3":7,"4":2,"5":0,"6":0,"7":1,"8":36,"9":0,"10":1,"11":9},"f":{"0":9,"1":0,"2":0,"3":36,"4":0,"5":9},"b":{"0":[7,2],"1":[36,9],"2":[9,0]},"meta":{"lastBranch":3,"lastFunction":6,"lastStatement":12,"seen":{"s:10:53:39:Infinity":0,"f:10:53:10:54":0,"s:11:23:11:Infinity":1,"b:12:4:12:Infinity:undefined:undefined:undefined:undefined":0,"s:12:4:12:Infinity":2,"s:12:21:12:Infinity":3,"s:14:4:33:Infinity":4,"f:23:29:23:35":1,"s:23:35:23:Infinity":5,"f:30:29:30:35":2,"s:30:35:30:Infinity":6,"s:49:53:65:Infinity":7,"f:49:53:49:54":3,"s:50:4:59:Infinity":8,"f:53:21:53:27":4,"s:53:27:53:Infinity":9,"b:57:17:57:Infinity:57:33:59:Infinity":1,"b:59:47:59:53:59:53:59:Infinity":2,"s:67:71:77:Infinity":10,"f:67:71:67:72":5,"s:68:4:72:Infinity":11}}}
,"/Users/ewlarson/Javascript/ewlarson/ogm-metadata-studio/web/src/ui/shared/ToastContext.tsx": {"path":"/Users/ewlarson/Javascript/ewlarson/ogm-metadata-studio/web/src/ui/shared/ToastContext.tsx","statementMap":{"0":{"start":{"line":15,"column":6},"end":{"line":15,"column":null}},"1":{"start":{"line":17,"column":24},"end":{"line":23,"column":null}},"2":{"start":{"line":18,"column":10},"end":{"line":18,"column":null}},"3":{"start":{"line":19,"column":4},"end":{"line":21,"column":null}},"4":{"start":{"line":20,"column":8},"end":{"line":20,"column":null}},"5":{"start":{"line":22,"column":4},"end":{"line":22,"column":null}},"6":{"start":{"line":25,"column":64},"end":{"line":54,"column":null}},"7":{"start":{"line":26,"column":29},"end":{"line":26,"column":null}},"8":{"start":{"line":28,"column":10},"end":{"line":34,"column":null}},"9":{"start":{"line":29,"column":19},"end":{"line":29,"column":null}},"10":{"start":{"line":30,"column":8},"end":{"line":30,"column":null}},"11":{"start":{"line":30,"column":28},"end":{"line":30,"column":null}},"12":{"start":{"line":31,"column":8},"end":{"line":33,"column":18}},"13":{"start":{"line":32,"column":12},"end":{"line":32,"column":null}},"14":{"start":{"line":32,"column":32},"end":{"line":32,"column":null}},"15":{"start":{"line":32,"column":51},"end":{"line":32,"column":null}},"16":{"start":{"line":36,"column":4},"end":{"line":42,"column":null}},"17":{"start":{"line":40,"column":29},"end":{"line":42,"column":null}}},"fnMap":{"0":{"name":"(anonymous_0)","decl":{"start":{"line":17,"column":24},"end":{"line":17,"column":null}},"loc":{"start":{"line":17,"column":24},"end":{"line":23,"column":null}},"line":17},"1":{"name":"(anonymous_1)","decl":{"start":{"line":25,"column":64},"end":{"line":25,"column":65}},"loc":{"start":{"line":25,"column":77},"end":{"line":54,"column":null}},"line":25},"2":{"name":"(anonymous_2)","decl":{"start":{"line":28,"column":33},"end":{"line":28,"column":34}},"loc":{"start":{"line":28,"column":75},"end":{"line":34,"column":7}},"line":28},"3":{"name":"(anonymous_3)","decl":{"start":{"line":30,"column":18},"end":{"line":30,"column":19}},"loc":{"start":{"line":30,"column":28},"end":{"line":30,"column":null}},"line":30},"4":{"name":"(anonymous_4)","decl":{"start":{"line":31,"column":19},"end":{"line":31,"column":null}},"loc":{"start":{"line":31,"column":19},"end":{"line":33,"column":11}},"line":31},"5":{"name":"(anonymous_5)","decl":{"start":{"line":32,"column":22},"end":{"line":32,"column":23}},"loc":{"start":{"line":32,"column":32},"end":{"line":32,"column":null}},"line":32},"6":{"name":"(anonymous_6)","decl":{"start":{"line":32,"column":44},"end":{"line":32,"column":45}},"loc":{"start":{"line":32,"column":51},"end":{"line":32,"column":null}},"line":32},"7":{"name":"(anonymous_7)","decl":{"start":{"line":40,"column":28},"end":{"line":40,"column":29}},"loc":{"start":{"line":40,"column":29},"end":{"line":42,"column":null}},"line":40}},"branchMap":{"0":{"loc":{"start":{"line":19,"column":4},"end":{"line":21,"column":null}},"type":"if","locations":[{"start":{"line":19,"column":4},"end":{"line":21,"column":null}},{"start":{},"end":{}}],"line":19},"1":{"loc":{"start":{"line":28,"column":51},"end":{"line":28,"column":75}},"type":"default-arg","locations":[{"start":{"line":28,"column":69},"end":{"line":28,"column":75}}],"line":28},"2":{"loc":{"start":{"line":43,"column":119},"end":{"line":45,"column":null}},"type":"cond-expr","locations":[{"start":{"line":43,"column":146},"end":{"line":43,"column":null}},{"start":{"line":44,"column":32},"end":{"line":45,"column":null}}],"line":43},"3":{"loc":{"start":{"line":44,"column":32},"end":{"line":45,"column":null}},"type":"cond-expr","locations":[{"start":{"line":44,"column":57},"end":{"line":44,"column":null}},{"start":{"line":45,"column":36},"end":{"line":45,"column":null}}],"line":44}},"s":{"0":0,"1":0,"2":0,"3":0,"4":0,"5":0,"6":0,"7":0,"8":0,"9":0,"10":0,"11":0,"12":0,"13":0,"14":0,"15":0,"16":0,"17":0},"f":{"0":0,"1":0,"2":0,"3":0,"4":0,"5":0,"6":0,"7":0},"b":{"0":[0,0],"1":[0],"2":[0,0],"3":[0,0]},"meta":{"lastBranch":4,"lastFunction":8,"lastStatement":18,"seen":{"s:15:6:15:Infinity":0,"s:17:24:23:Infinity":1,"f:17:24:17:Infinity":0,"s:18:10:18:Infinity":2,"b:19:4:21:Infinity:undefined:undefined:undefined:undefined":0,"s:19:4:21:Infinity":3,"s:20:8:20:Infinity":4,"s:22:4:22:Infinity":5,"s:25:64:54:Infinity":6,"f:25:64:25:65":1,"s:26:29:26:Infinity":7,"s:28:10:34:Infinity":8,"f:28:33:28:34":2,"b:28:69:28:75":1,"s:29:19:29:Infinity":9,"s:30:8:30:Infinity":10,"f:30:18:30:19":3,"s:30:28:30:Infinity":11,"s:31:8:33:18":12,"f:31:19:31:Infinity":4,"s:32:12:32:Infinity":13,"f:32:22:32:23":5,"s:32:32:32:Infinity":14,"f:32:44:32:45":6,"s:32:51:32:Infinity":15,"s:36:4:42:Infinity":16,"f:40:28:40:29":7,"s:40:29:42:Infinity":17,"b:43:146:43:Infinity:44:32:45:Infinity":2,"b:44:57:44:Infinity:45:36:45:Infinity":3}}}
,"/Users/ewlarson/Javascript/ewlarson/ogm-metadata-studio/web/src/workers/embedding.worker.ts": {"path":"/Users/ewlarson/Javascript/ewlarson/ogm-metadata-studio/web/src/workers/embedding.worker.ts","statementMap":{},"fnMap":{},"branchMap":{},"s":{},"f":{},"b":{},"meta":{"lastBranch":0,"lastFunction":0,"lastStatement":0,"seen":{}}}
}
